Saved run config contains sanitized dataset paths; using local default dataset roots.
Using device: cuda
Continuation output dir: C:\Users\...\Desktop\BENG 280C Project\Optimal-LV-Placement-ML\runs\cardiac_leads_electrode_only_from_v3_v6
Epoch cap: 150; early stopping patience: 12
Target set/loss weights: target_set=electrodes, electrode_loss_weight=1.0, anatomy_loss_weight=0.0
Primary checkpoint metric: val_centroid_dist_electrodes (min)
Dataset roots exist:
  C:\Users\...\Desktop\BENG 280C Project\BENG280C_pacing_lead_data_1st20
  C:\Users\...\Desktop\BENG 280C Project\HCT2_lead_segmentation_training
Created averaged ensemble warm-start checkpoint: C:\Users\...\Desktop\BENG 280C Project\Optimal-LV-Placement-ML\runs\cardiac_leads_electrode_only_from_v3_v6\weights\warm_start_from_ensemble_average.pth
python : 
At line:3 char:1
+ python active_code\model_1\continue_training_from_best.py --target-se ...
+ ~~~~~~~~~~~~~~~~~~~~~~~~~~~~~~~~~~~~~~~~~~~~~~~~~~~~~~~~~~~~~~~~~~~~~
    + CategoryInfo          : NotSpecified: (:String) [], RemoteException
    + FullyQualifiedErrorId : NativeCommandError
 
Preprocessing labeled:   0%|          | 0/59 [00:00<?, ?it/s]
Preprocessing labeled:   2%|1         | 1/59 [00:02<02:29,  2.58s/it]
Preprocessing labeled:   3%|3         | 2/59 [00:05<02:49,  2.97s/it]
Preprocessing labeled:   5%|5         | 3/59 [00:10<03:19,  3.56s/it]
Preprocessing labeled:   7%|6         | 4/59 [00:13<03:05,  3.38s/it]
Preprocessing labeled:   8%|8         | 5/59 [00:16<02:53,  3.20s/it]
Preprocessing labeled:  10%|#         | 6/59 [00:18<02:35,  2.94s/it]
Preprocessing labeled:  12%|#1        | 7/59 [00:20<02:21,  2.73s/it]
Preprocessing labeled:  14%|#3        | 8/59 [00:23<02:26,  2.88s/it]
Preprocessing labeled:  15%|#5        | 9/59 [00:26<02:22,  2.85s/it]
Preprocessing labeled:  17%|#6        | 10/59 [00:29<02:16,  2.78s/it]
Preprocessing labeled:  19%|#8        | 11/59 [00:32<02:12,  2.76s/it]
Preprocessing labeled:  20%|##        | 12/59 [00:34<02:08,  2.73s/it]
Preprocessing labeled:  22%|##2       | 13/59 [00:38<02:14,  2.92s/it]
Preprocessing labeled:  24%|##3       | 14/59 [00:41<02:12,  2.93s/it]
Preprocessing labeled:  25%|##5       | 15/59 [00:43<02:04,  2.83s/it]
Preprocessing labeled:  27%|##7       | 16/59 [00:46<01:55,  2.69s/it]
Preprocessing labeled:  29%|##8       | 17/59 [00:49<01:58,  2.83s/it]
Preprocessing labeled:  31%|###       | 18/59 [00:52<01:59,  2.90s/it]
Preprocessing labeled:  32%|###2      | 19/59 [00:54<01:50,  2.77s/it]
Preprocessing labeled:  34%|###3      | 20/59 [00:57<01:43,  2.66s/it]
Preprocessing labeled:  36%|###5      | 21/59 [00:59<01:42,  2.71s/it]
Preprocessing labeled:  37%|###7      | 22/59 [01:03<01:49,  2.95s/it]
Preprocessing labeled:  39%|###8      | 23/59 [01:06<01:47,  2.98s/it]
Preprocessing labeled:  41%|####      | 24/59 [01:09<01:47,  3.06s/it]
Preprocessing labeled:  42%|####2     | 25/59 [01:13<01:55,  3.39s/it]
Preprocessing labeled:  44%|####4     | 26/59 [01:17<01:50,  3.36s/it]
Preprocessing labeled:  46%|####5     | 27/59 [01:21<02:00,  3.76s/it]
Preprocessing labeled:  47%|####7     | 28/59 [01:24<01:49,  3.52s/it]
Preprocessing labeled:  49%|####9     | 29/59 [01:27<01:37,  3.24s/it]
Preprocessing labeled:  51%|#####     | 30/59 [01:29<01:25,  2.94s/it]
Preprocessing labeled:  53%|#####2    | 31/59 [01:32<01:24,  3.02s/it]
Preprocessing labeled:  54%|#####4    | 32/59 [01:35<01:20,  2.98s/it]
Preprocessing labeled:  56%|#####5    | 33/59 [01:39<01:21,  3.12s/it]
Preprocessing labeled:  58%|#####7    | 34/59 [01:42<01:18,  3.14s/it]
Preprocessing labeled:  59%|#####9    | 35/59 [01:46<01:23,  3.48s/it]
Preprocessing labeled:  61%|######1   | 36/59 [01:49<01:14,  3.23s/it]
Preprocessing labeled:  63%|######2   | 37/59 [01:53<01:19,  3.60s/it]
Preprocessing labeled:  64%|######4   | 38/59 [02:03<01:52,  5.34s/it]
Preprocessing labeled:  66%|######6   | 39/59 [02:13<02:14,  6.75s/it]
Preprocessing labeled:  68%|######7   | 40/59 [02:22<02:21,  7.45s/it]
Preprocessing labeled:  69%|######9   | 41/59 [02:31<02:24,  8.01s/it]
Preprocessing labeled:  71%|#######1  | 42/59 [02:39<02:14,  7.91s/it]
Preprocessing labeled:  73%|#######2  | 43/59 [02:46<02:01,  7.57s/it]
Preprocessing labeled:  75%|#######4  | 44/59 [02:53<01:53,  7.53s/it]
Preprocessing labeled:  76%|#######6  | 45/59 [02:59<01:37,  6.99s/it]
Preprocessing labeled:  78%|#######7  | 46/59 [03:03<01:21,  6.25s/it]
Preprocessing labeled:  80%|#######9  | 47/59 [03:07<01:05,  5.47s/it]
Preprocessing labeled:  81%|########1 | 48/59 [03:11<00:56,  5.18s/it]
Preprocessing labeled:  83%|########3 | 49/59 [03:16<00:51,  5.14s/it]
Preprocessing labeled:  85%|########4 | 50/59 [03:22<00:46,  5.22s/it]
Preprocessing labeled:  86%|########6 | 51/59 [03:27<00:41,  5.15s/it]
Preprocessing labeled:  88%|########8 | 52/59 [03:34<00:40,  5.73s/it]
Preprocessing labeled:  90%|########9 | 53/59 [03:40<00:35,  5.93s/it]
Preprocessing labeled:  92%|#########1| 54/59 [03:48<00:32,  6.45s/it]
Preprocessing labeled:  93%|#########3| 55/59 [03:55<00:26,  6.52s/it]
Preprocessing labeled:  95%|#########4| 56/59 [04:01<00:19,  6.42s/it]
Preprocessing labeled:  97%|#########6| 57/59 [04:07<00:12,  6.18s/it]
Preprocessing labeled:  98%|#########8| 58/59 [04:13<00:06,  6.20s/it]
Preprocessing labeled: 100%|##########| 59/59 [04:20<00:00,  6.59s/it]
Preprocessing labeled: 100%|##########| 59/59 [04:20<00:00,  4.42s/it]

Preprocessing unlabeled: 0it [00:00, ?it/s]
Preprocessing unlabeled: 0it [00:00, ?it/s]
Train/validation split OK: 47 train, 12 val, 0 overlap.
Loaded warm-start checkpoint: C:\Users\...\Desktop\BENG 280C Project\Optimal-LV-Placement-ML\runs\cardiac_leads_electrode_only_from_v3_v6\weights\warm_start_from_ensemble_average.pth

Validate:   0%|          | 0/12 [00:00<?, ?it/s]
Validate:   8%|8         | 1/12 [00:13<02:25, 13.20s/it]
Validate:  17%|#6        | 2/12 [00:13<00:56,  5.63s/it]
Validate:  25%|##5       | 3/12 [00:13<00:28,  3.13s/it]
Validate:  33%|###3      | 4/12 [00:13<00:15,  1.99s/it]
Validate:  42%|####1     | 5/12 [00:14<00:09,  1.33s/it]
Validate:  50%|#####     | 6/12 [00:14<00:05,  1.06it/s]
Validate:  58%|#####8    | 7/12 [00:14<00:03,  1.40it/s]
Validate:  67%|######6   | 8/12 [00:14<00:02,  1.80it/s]
Validate:  75%|#######5  | 9/12 [00:14<00:01,  2.25it/s]
Validate:  83%|########3 | 10/12 [00:15<00:00,  2.66it/s]
Validate:  92%|#########1| 11/12 [00:15<00:00,  2.91it/s]
Validate: 100%|##########| 12/12 [00:15<00:00,  3.29it/s]
[continued_supervised] epoch=000 train_loss=nan val_loss=0.48254 val_dice=0.50259 val_dice_electrodes=0.57589 val_centroid_dist=7.89 val_centroid_dist_electrodes=6.85 val_focus_centroid_dist=11.37 val_worst_focus_centroid_dist=14.38 val_selection_score=11.46793 lr=1.00e-06 grad_norm=nan best_val_centroid_dist_electrodes=6.84750
    focus LL2 centroid_dist=9.62
    focus ANT centroid_dist=10.12
    focus Base centroid_dist=14.38
                                                         

Train:   0%|          | 0/47 [00:00<?, ?it/s]
Train:   2%|2         | 1/47 [00:54<42:08, 54.97s/it]
Train:   4%|4         | 2/47 [00:55<17:04, 22.77s/it]
Train:   6%|6         | 3/47 [00:55<09:09, 12.48s/it]
Train:   9%|8         | 4/47 [00:55<05:28,  7.64s/it]
Train:  11%|#         | 5/47 [00:55<03:28,  4.97s/it]
Train:  13%|#2        | 6/47 [00:56<02:17,  3.36s/it]
Train:  15%|#4        | 7/47 [00:56<01:33,  2.34s/it]
Train:  17%|#7        | 8/47 [00:56<01:05,  1.67s/it]
Train:  19%|#9        | 9/47 [00:56<00:46,  1.22s/it]
Train:  21%|##1       | 10/47 [00:57<00:33,  1.09it/s]
Train:  23%|##3       | 11/47 [00:57<00:25,  1.41it/s]
Train:  26%|##5       | 12/47 [00:57<00:19,  1.76it/s]
Train:  28%|##7       | 13/47 [00:57<00:16,  2.08it/s]
Train:  30%|##9       | 14/47 [00:58<00:15,  2.19it/s]
Train:  32%|###1      | 15/47 [00:58<00:13,  2.42it/s]
Train:  34%|###4      | 16/47 [00:58<00:11,  2.70it/s]
Train:  36%|###6      | 17/47 [00:59<00:10,  2.95it/s]
Train:  38%|###8      | 18/47 [00:59<00:09,  2.99it/s]
Train:  40%|####      | 19/47 [00:59<00:09,  2.98it/s]
Train:  43%|####2     | 20/47 [01:00<00:09,  2.96it/s]
Train:  45%|####4     | 21/47 [01:00<00:08,  2.93it/s]
Train:  47%|####6     | 22/47 [01:00<00:08,  2.92it/s]
Train:  49%|####8     | 23/47 [01:01<00:08,  2.90it/s]
Train:  51%|#####1    | 24/47 [01:01<00:07,  2.90it/s]
Train:  53%|#####3    | 25/47 [01:01<00:07,  2.87it/s]
Train:  55%|#####5    | 26/47 [01:02<00:07,  2.87it/s]
Train:  57%|#####7    | 27/47 [01:02<00:07,  2.84it/s]
Train:  60%|#####9    | 28/47 [01:02<00:06,  2.78it/s]
Train:  62%|######1   | 29/47 [01:03<00:06,  2.66it/s]
Train:  64%|######3   | 30/47 [01:03<00:06,  2.57it/s]
Train:  66%|######5   | 31/47 [01:04<00:06,  2.51it/s]
Train:  68%|######8   | 32/47 [01:04<00:06,  2.49it/s]
Train:  70%|#######   | 33/47 [01:05<00:05,  2.45it/s]
Train:  72%|#######2  | 34/47 [01:05<00:05,  2.43it/s]
Train:  74%|#######4  | 35/47 [01:05<00:04,  2.41it/s]
Train:  77%|#######6  | 36/47 [01:06<00:04,  2.40it/s]
Train:  79%|#######8  | 37/47 [01:06<00:04,  2.39it/s]
Train:  81%|########  | 38/47 [01:07<00:03,  2.41it/s]
Train:  83%|########2 | 39/47 [01:07<00:03,  2.41it/s]
Train:  85%|########5 | 40/47 [01:07<00:02,  2.41it/s]
Train:  87%|########7 | 41/47 [01:08<00:02,  2.42it/s]
Train:  89%|########9 | 42/47 [01:08<00:02,  2.41it/s]
Train:  91%|#########1| 43/47 [01:09<00:01,  2.40it/s]
Train:  94%|#########3| 44/47 [01:09<00:01,  2.40it/s]
Train:  96%|#########5| 45/47 [01:10<00:00,  2.39it/s]
Train:  98%|#########7| 46/47 [01:10<00:00,  2.39it/s]
Train: 100%|##########| 47/47 [01:10<00:00,  2.39it/s]
                                                      

Validate:   0%|          | 0/12 [00:00<?, ?it/s]
Validate:   8%|8         | 1/12 [00:01<00:11,  1.04s/it]
Validate:  17%|#6        | 2/12 [00:01<00:07,  1.27it/s]
Validate:  25%|##5       | 3/12 [00:01<00:04,  1.99it/s]
Validate:  33%|###3      | 4/12 [00:02<00:03,  2.19it/s]
Validate:  42%|####1     | 5/12 [00:02<00:02,  2.69it/s]
Validate:  50%|#####     | 6/12 [00:02<00:02,  2.75it/s]
Validate:  58%|#####8    | 7/12 [00:03<00:01,  2.69it/s]
Validate:  67%|######6   | 8/12 [00:03<00:01,  2.78it/s]
Validate:  75%|#######5  | 9/12 [00:03<00:01,  2.86it/s]
Validate:  83%|########3 | 10/12 [00:04<00:00,  2.82it/s]
Validate:  92%|#########1| 11/12 [00:04<00:00,  2.18it/s]
Validate: 100%|##########| 12/12 [00:05<00:00,  2.26it/s]
[continued_supervised] epoch=001 train_loss=0.38084 val_loss=0.48697 val_dice=0.50060 val_dice_electrodes=0.57298 val_centroid_dist=7.78 val_centroid_dist_electrodes=6.68 val_focus_centroid_dist=11.30 val_worst_focus_centroid_dist=14.38 val_selection_score=11.34863 lr=1.00e-06 grad_norm=inf best_val_centroid_dist_electrodes=6.68004
    focus LL2 centroid_dist=9.41
    focus ANT centroid_dist=10.11
    focus Base centroid_dist=14.38
                                                         

Train:   0%|          | 0/47 [00:00<?, ?it/s]
Train:   2%|2         | 1/47 [00:01<01:12,  1.58s/it]
Train:   4%|4         | 2/47 [00:01<00:35,  1.26it/s]
Train:   6%|6         | 3/47 [00:02<00:26,  1.68it/s]
Train:   9%|8         | 4/47 [00:02<00:22,  1.89it/s]
Train:  11%|#         | 5/47 [00:03<00:20,  2.03it/s]
Train:  13%|#2        | 6/47 [00:03<00:19,  2.14it/s]
Train:  15%|#4        | 7/47 [00:03<00:18,  2.22it/s]
Train:  17%|#7        | 8/47 [00:04<00:17,  2.26it/s]
Train:  19%|#9        | 9/47 [00:04<00:19,  1.98it/s]
Train:  21%|##1       | 10/47 [00:05<00:20,  1.82it/s]
Train:  23%|##3       | 11/47 [00:06<00:18,  1.91it/s]
Train:  26%|##5       | 12/47 [00:06<00:18,  1.86it/s]
Train:  28%|##7       | 13/47 [00:07<00:18,  1.80it/s]
Train:  30%|##9       | 14/47 [00:07<00:17,  1.90it/s]
Train:  32%|###1      | 15/47 [00:08<00:17,  1.88it/s]
Train:  34%|###4      | 16/47 [00:08<00:18,  1.68it/s]
Train:  36%|###6      | 17/47 [00:09<00:16,  1.82it/s]
Train:  38%|###8      | 18/47 [00:09<00:15,  1.85it/s]
Train:  40%|####      | 19/47 [00:10<00:17,  1.63it/s]
Train:  43%|####2     | 20/47 [00:11<00:16,  1.68it/s]
Train:  45%|####4     | 21/47 [00:11<00:15,  1.72it/s]
Train:  47%|####6     | 22/47 [00:12<00:14,  1.73it/s]
Train:  49%|####8     | 23/47 [00:12<00:13,  1.74it/s]
Train:  51%|#####1    | 24/47 [00:13<00:14,  1.64it/s]
Train:  53%|#####3    | 25/47 [00:14<00:14,  1.54it/s]
Train:  55%|#####5    | 26/47 [00:14<00:12,  1.66it/s]
Train:  57%|#####7    | 27/47 [00:15<00:13,  1.48it/s]
Train:  60%|#####9    | 28/47 [00:16<00:11,  1.62it/s]
Train:  62%|######1   | 29/47 [00:16<00:10,  1.64it/s]
Train:  64%|######3   | 30/47 [00:17<00:10,  1.60it/s]
Train:  66%|######5   | 31/47 [00:18<00:10,  1.57it/s]
Train:  68%|######8   | 32/47 [00:18<00:09,  1.55it/s]
Train:  70%|#######   | 33/47 [00:19<00:09,  1.55it/s]
Train:  72%|#######2  | 34/47 [00:20<00:08,  1.53it/s]
Train:  74%|#######4  | 35/47 [00:20<00:07,  1.52it/s]
Train:  77%|#######6  | 36/47 [00:21<00:07,  1.52it/s]
Train:  79%|#######8  | 37/47 [00:22<00:06,  1.52it/s]
Train:  81%|########  | 38/47 [00:22<00:05,  1.52it/s]
Train:  83%|########2 | 39/47 [00:23<00:05,  1.48it/s]
Train:  85%|########5 | 40/47 [00:24<00:04,  1.44it/s]
Train:  87%|########7 | 41/47 [00:24<00:04,  1.41it/s]
Train:  89%|########9 | 42/47 [00:25<00:03,  1.40it/s]
Train:  91%|#########1| 43/47 [00:26<00:02,  1.38it/s]
Train:  94%|#########3| 44/47 [00:27<00:02,  1.37it/s]
Train:  96%|#########5| 45/47 [00:27<00:01,  1.37it/s]
Train:  98%|#########7| 46/47 [00:28<00:00,  1.36it/s]
Train: 100%|##########| 47/47 [00:29<00:00,  1.36it/s]
                                                      

Validate:   0%|          | 0/12 [00:00<?, ?it/s]
Validate:   8%|8         | 1/12 [00:01<00:11,  1.07s/it]
Validate:  17%|#6        | 2/12 [00:01<00:07,  1.26it/s]
Validate:  25%|##5       | 3/12 [00:01<00:04,  1.83it/s]
Validate:  33%|###3      | 4/12 [00:02<00:04,  1.61it/s]
Validate:  42%|####1     | 5/12 [00:03<00:03,  1.84it/s]
Validate:  50%|#####     | 6/12 [00:03<00:03,  1.81it/s]
Validate:  58%|#####8    | 7/12 [00:04<00:02,  1.85it/s]
Validate:  67%|######6   | 8/12 [00:04<00:02,  1.68it/s]
Validate:  75%|#######5  | 9/12 [00:05<00:01,  1.57it/s]
Validate:  83%|########3 | 10/12 [00:06<00:01,  1.56it/s]
Validate:  92%|#########1| 11/12 [00:06<00:00,  1.54it/s]
Validate: 100%|##########| 12/12 [00:07<00:00,  1.46it/s]
[continued_supervised] epoch=002 train_loss=0.37535 val_loss=0.48857 val_dice=0.49986 val_dice_electrodes=0.57228 val_centroid_dist=7.80 val_centroid_dist_electrodes=6.71 val_focus_centroid_dist=11.30 val_worst_focus_centroid_dist=14.38 val_selection_score=11.36896 lr=1.00e-06 grad_norm=3.043 best_val_centroid_dist_electrodes=6.68004
    focus LL2 centroid_dist=9.42
    focus ANT centroid_dist=10.11
    focus Base centroid_dist=14.38
                                                         

Train:   0%|          | 0/47 [00:00<?, ?it/s]
Train:   2%|2         | 1/47 [00:01<01:06,  1.44s/it]
Train:   4%|4         | 2/47 [00:01<00:37,  1.19it/s]
Train:   6%|6         | 3/47 [00:02<00:32,  1.36it/s]
Train:   9%|8         | 4/47 [00:03<00:30,  1.39it/s]
Train:  11%|#         | 5/47 [00:03<00:30,  1.37it/s]
Train:  13%|#2        | 6/47 [00:04<00:30,  1.36it/s]
Train:  15%|#4        | 7/47 [00:05<00:30,  1.31it/s]
Train:  17%|#7        | 8/47 [00:06<00:30,  1.29it/s]
Train:  19%|#9        | 9/47 [00:07<00:29,  1.28it/s]
Train:  21%|##1       | 10/47 [00:07<00:29,  1.26it/s]
Train:  23%|##3       | 11/47 [00:08<00:28,  1.27it/s]
Train:  26%|##5       | 12/47 [00:09<00:27,  1.27it/s]
Train:  28%|##7       | 13/47 [00:10<00:28,  1.20it/s]
Train:  30%|##9       | 14/47 [00:11<00:26,  1.23it/s]
Train:  32%|###1      | 15/47 [00:12<00:26,  1.22it/s]
Train:  34%|###4      | 16/47 [00:12<00:24,  1.25it/s]
Train:  36%|###6      | 17/47 [00:13<00:23,  1.25it/s]
Train:  38%|###8      | 18/47 [00:14<00:23,  1.24it/s]
Train:  40%|####      | 19/47 [00:15<00:23,  1.20it/s]
Train:  43%|####2     | 20/47 [00:16<00:22,  1.21it/s]
Train:  45%|####4     | 21/47 [00:16<00:21,  1.20it/s]
Train:  47%|####6     | 22/47 [00:17<00:20,  1.20it/s]
Train:  49%|####8     | 23/47 [00:18<00:20,  1.18it/s]
Train:  51%|#####1    | 24/47 [00:19<00:19,  1.16it/s]
Train:  53%|#####3    | 25/47 [00:20<00:19,  1.15it/s]
Train:  55%|#####5    | 26/47 [00:21<00:18,  1.14it/s]
Train:  57%|#####7    | 27/47 [00:22<00:17,  1.13it/s]
Train:  60%|#####9    | 28/47 [00:23<00:16,  1.13it/s]
Train:  62%|######1   | 29/47 [00:23<00:15,  1.13it/s]
Train:  64%|######3   | 30/47 [00:24<00:15,  1.13it/s]
Train:  66%|######5   | 31/47 [00:25<00:14,  1.12it/s]
Train:  68%|######8   | 32/47 [00:26<00:13,  1.12it/s]
Train:  70%|#######   | 33/47 [00:27<00:12,  1.12it/s]
Train:  72%|#######2  | 34/47 [00:28<00:11,  1.12it/s]
Train:  74%|#######4  | 35/47 [00:29<00:10,  1.12it/s]
Train:  77%|#######6  | 36/47 [00:30<00:09,  1.12it/s]
Train:  79%|#######8  | 37/47 [00:31<00:08,  1.12it/s]
Train:  81%|########  | 38/47 [00:32<00:08,  1.12it/s]
Train:  83%|########2 | 39/47 [00:32<00:07,  1.12it/s]
Train:  85%|########5 | 40/47 [00:33<00:06,  1.12it/s]
Train:  87%|########7 | 41/47 [00:34<00:05,  1.12it/s]
Train:  89%|########9 | 42/47 [00:35<00:04,  1.12it/s]
Train:  91%|#########1| 43/47 [00:36<00:03,  1.12it/s]
Train:  94%|#########3| 44/47 [00:37<00:02,  1.12it/s]
Train:  96%|#########5| 45/47 [00:38<00:01,  1.12it/s]
Train:  98%|#########7| 46/47 [00:39<00:00,  1.12it/s]
Train: 100%|##########| 47/47 [00:40<00:00,  1.12it/s]
                                                      

Validate:   0%|          | 0/12 [00:00<?, ?it/s]
Validate:   8%|8         | 1/12 [00:00<00:09,  1.13it/s]
Validate:  17%|#6        | 2/12 [00:01<00:08,  1.13it/s]
Validate:  25%|##5       | 3/12 [00:02<00:05,  1.63it/s]
Validate:  33%|###3      | 4/12 [00:02<00:05,  1.48it/s]
Validate:  42%|####1     | 5/12 [00:03<00:04,  1.71it/s]
Validate:  50%|#####     | 6/12 [00:03<00:03,  1.58it/s]
Validate:  58%|#####8    | 7/12 [00:04<00:03,  1.48it/s]
Validate:  67%|######6   | 8/12 [00:05<00:02,  1.46it/s]
Validate:  75%|#######5  | 9/12 [00:06<00:02,  1.45it/s]
Validate:  83%|########3 | 10/12 [00:06<00:01,  1.41it/s]
Validate:  92%|#########1| 11/12 [00:07<00:00,  1.35it/s]
Validate: 100%|##########| 12/12 [00:08<00:00,  1.36it/s]
[continued_supervised] epoch=003 train_loss=0.37784 val_loss=0.48990 val_dice=0.49926 val_dice_electrodes=0.57186 val_centroid_dist=7.74 val_centroid_dist_electrodes=6.64 val_focus_centroid_dist=11.29 val_worst_focus_centroid_dist=14.27 val_selection_score=11.28697 lr=1.00e-06 grad_norm=2.982 best_val_centroid_dist_electrodes=6.64334
    focus LL2 centroid_dist=9.51
    focus ANT centroid_dist=10.08
    focus Base centroid_dist=14.27
                                                         

Train:   0%|          | 0/47 [00:00<?, ?it/s]
Train:   2%|2         | 1/47 [00:01<01:09,  1.50s/it]
Train:   4%|4         | 2/47 [00:02<00:49,  1.09s/it]
Train:   6%|6         | 3/47 [00:03<00:44,  1.01s/it]
Train:   9%|8         | 4/47 [00:04<00:40,  1.05it/s]
Train:  11%|#         | 5/47 [00:04<00:39,  1.08it/s]
Train:  13%|#2        | 6/47 [00:05<00:37,  1.09it/s]
Train:  15%|#4        | 7/47 [00:06<00:35,  1.11it/s]
Train:  17%|#7        | 8/47 [00:07<00:34,  1.11it/s]
Train:  19%|#9        | 9/47 [00:08<00:34,  1.11it/s]
Train:  21%|##1       | 10/47 [00:09<00:33,  1.11it/s]
Train:  23%|##3       | 11/47 [00:10<00:32,  1.10it/s]
Train:  26%|##5       | 12/47 [00:11<00:31,  1.12it/s]
Train:  28%|##7       | 13/47 [00:12<00:30,  1.10it/s]
Train:  30%|##9       | 14/47 [00:13<00:29,  1.11it/s]
Train:  32%|###1      | 15/47 [00:13<00:28,  1.11it/s]
Train:  34%|###4      | 16/47 [00:14<00:28,  1.10it/s]
Train:  36%|###6      | 17/47 [00:15<00:26,  1.11it/s]
Train:  38%|###8      | 18/47 [00:16<00:26,  1.11it/s]
Train:  40%|####      | 19/47 [00:17<00:25,  1.12it/s]
Train:  43%|####2     | 20/47 [00:18<00:23,  1.13it/s]
Train:  45%|####4     | 21/47 [00:19<00:23,  1.13it/s]
Train:  47%|####6     | 22/47 [00:20<00:22,  1.12it/s]
Train:  49%|####8     | 23/47 [00:21<00:21,  1.13it/s]
Train:  51%|#####1    | 24/47 [00:21<00:20,  1.12it/s]
Train:  53%|#####3    | 25/47 [00:22<00:19,  1.12it/s]
Train:  55%|#####5    | 26/47 [00:23<00:18,  1.13it/s]
Train:  57%|#####7    | 27/47 [00:24<00:17,  1.12it/s]
Train:  60%|#####9    | 28/47 [00:25<00:16,  1.13it/s]
Train:  62%|######1   | 29/47 [00:26<00:15,  1.13it/s]
Train:  64%|######3   | 30/47 [00:27<00:15,  1.11it/s]
Train:  66%|######5   | 31/47 [00:28<00:14,  1.10it/s]
Train:  68%|######8   | 32/47 [00:29<00:13,  1.09it/s]
Train:  70%|#######   | 33/47 [00:30<00:13,  1.06it/s]
Train:  72%|#######2  | 34/47 [00:31<00:12,  1.04it/s]
Train:  74%|#######4  | 35/47 [00:32<00:11,  1.03it/s]
Train:  77%|#######6  | 36/47 [00:33<00:10,  1.00it/s]
Train:  79%|#######8  | 37/47 [00:34<00:09,  1.03it/s]
Train:  81%|########  | 38/47 [00:35<00:08,  1.07it/s]
Train:  83%|########2 | 39/47 [00:35<00:07,  1.09it/s]
Train:  85%|########5 | 40/47 [00:36<00:06,  1.12it/s]
Train:  87%|########7 | 41/47 [00:37<00:05,  1.12it/s]
Train:  89%|########9 | 42/47 [00:38<00:04,  1.10it/s]
Train:  91%|#########1| 43/47 [00:39<00:03,  1.10it/s]
Train:  94%|#########3| 44/47 [00:40<00:02,  1.09it/s]
Train:  96%|#########5| 45/47 [00:41<00:01,  1.08it/s]
Train:  98%|#########7| 46/47 [00:42<00:00,  1.08it/s]
Train: 100%|##########| 47/47 [00:43<00:00,  1.04it/s]
                                                      

Validate:   0%|          | 0/12 [00:00<?, ?it/s]
Validate:   8%|8         | 1/12 [00:01<00:18,  1.67s/it]
Validate:  17%|#6        | 2/12 [00:02<00:10,  1.08s/it]
Validate:  25%|##5       | 3/12 [00:02<00:06,  1.48it/s]
Validate:  33%|###3      | 4/12 [00:03<00:04,  1.62it/s]
Validate:  42%|####1     | 5/12 [00:03<00:03,  1.79it/s]
Validate:  50%|#####     | 6/12 [00:04<00:03,  1.68it/s]
Validate:  58%|#####8    | 7/12 [00:04<00:03,  1.57it/s]
Validate:  67%|######6   | 8/12 [00:05<00:02,  1.54it/s]
Validate:  75%|#######5  | 9/12 [00:06<00:02,  1.50it/s]
Validate:  83%|########3 | 10/12 [00:07<00:01,  1.36it/s]
Validate:  92%|#########1| 11/12 [00:07<00:00,  1.48it/s]
Validate: 100%|##########| 12/12 [00:08<00:00,  1.37it/s]
[continued_supervised] epoch=004 train_loss=0.37388 val_loss=0.48986 val_dice=0.49941 val_dice_electrodes=0.57265 val_centroid_dist=7.66 val_centroid_dist_electrodes=6.55 val_focus_centroid_dist=11.26 val_worst_focus_centroid_dist=14.27 val_selection_score=11.20622 lr=1.00e-06 grad_norm=2.866 best_val_centroid_dist_electrodes=6.54816
    focus LL2 centroid_dist=9.51
    focus ANT centroid_dist=10.01
    focus Base centroid_dist=14.27
                                                         

Train:   0%|          | 0/47 [00:00<?, ?it/s]
Train:   2%|2         | 1/47 [00:02<02:12,  2.89s/it]
Train:   4%|4         | 2/47 [00:03<01:06,  1.47s/it]
Train:   6%|6         | 3/47 [00:03<00:45,  1.02s/it]
Train:   9%|8         | 4/47 [00:04<00:34,  1.23it/s]
Train:  11%|#         | 5/47 [00:04<00:29,  1.41it/s]
Train:  13%|#2        | 6/47 [00:05<00:26,  1.56it/s]
Train:  15%|#4        | 7/47 [00:05<00:25,  1.57it/s]
Train:  17%|#7        | 8/47 [00:06<00:25,  1.52it/s]
Train:  19%|#9        | 9/47 [00:07<00:23,  1.61it/s]
Train:  21%|##1       | 10/47 [00:08<00:24,  1.50it/s]
Train:  23%|##3       | 11/47 [00:08<00:23,  1.55it/s]
Train:  26%|##5       | 12/47 [00:09<00:21,  1.61it/s]
Train:  28%|##7       | 13/47 [00:09<00:21,  1.55it/s]
Train:  30%|##9       | 14/47 [00:10<00:22,  1.48it/s]
Train:  32%|###1      | 15/47 [00:11<00:20,  1.58it/s]
Train:  34%|###4      | 16/47 [00:11<00:18,  1.65it/s]
Train:  36%|###6      | 17/47 [00:12<00:18,  1.63it/s]
Train:  38%|###8      | 18/47 [00:12<00:17,  1.61it/s]
Train:  40%|####      | 19/47 [00:13<00:18,  1.55it/s]
Train:  43%|####2     | 20/47 [00:14<00:17,  1.57it/s]
Train:  45%|####4     | 21/47 [00:14<00:16,  1.57it/s]
Train:  47%|####6     | 22/47 [00:15<00:15,  1.58it/s]
Train:  49%|####8     | 23/47 [00:16<00:15,  1.56it/s]
Train:  51%|#####1    | 24/47 [00:16<00:14,  1.55it/s]
Train:  53%|#####3    | 25/47 [00:17<00:14,  1.53it/s]
Train:  55%|#####5    | 26/47 [00:18<00:13,  1.51it/s]
Train:  57%|#####7    | 27/47 [00:18<00:13,  1.52it/s]
Train:  60%|#####9    | 28/47 [00:19<00:12,  1.55it/s]
Train:  62%|######1   | 29/47 [00:20<00:12,  1.47it/s]
Train:  64%|######3   | 30/47 [00:21<00:12,  1.40it/s]
Train:  66%|######5   | 31/47 [00:21<00:11,  1.35it/s]
Train:  68%|######8   | 32/47 [00:22<00:11,  1.33it/s]
Train:  70%|#######   | 33/47 [00:23<00:10,  1.32it/s]
Train:  72%|#######2  | 34/47 [00:24<00:09,  1.32it/s]
Train:  74%|#######4  | 35/47 [00:24<00:09,  1.31it/s]
Train:  77%|#######6  | 36/47 [00:25<00:08,  1.31it/s]
Train:  79%|#######8  | 37/47 [00:26<00:07,  1.30it/s]
Train:  81%|########  | 38/47 [00:27<00:07,  1.26it/s]
Train:  83%|########2 | 39/47 [00:28<00:06,  1.25it/s]
Train:  85%|########5 | 40/47 [00:28<00:05,  1.26it/s]
Train:  87%|########7 | 41/47 [00:29<00:04,  1.27it/s]
Train:  89%|########9 | 42/47 [00:30<00:03,  1.27it/s]
Train:  91%|#########1| 43/47 [00:31<00:03,  1.28it/s]
Train:  94%|#########3| 44/47 [00:31<00:02,  1.29it/s]
Train:  96%|#########5| 45/47 [00:32<00:01,  1.29it/s]
Train:  98%|#########7| 46/47 [00:33<00:00,  1.29it/s]
Train: 100%|##########| 47/47 [00:34<00:00,  1.28it/s]
                                                      

Validate:   0%|          | 0/12 [00:00<?, ?it/s]
Validate:   8%|8         | 1/12 [00:01<00:11,  1.04s/it]
Validate:  17%|#6        | 2/12 [00:01<00:09,  1.11it/s]
Validate:  25%|##5       | 3/12 [00:02<00:05,  1.70it/s]
Validate:  33%|###3      | 4/12 [00:02<00:05,  1.50it/s]
Validate:  42%|####1     | 5/12 [00:03<00:04,  1.69it/s]
Validate:  50%|#####     | 6/12 [00:04<00:03,  1.54it/s]
Validate:  58%|#####8    | 7/12 [00:04<00:03,  1.41it/s]
Validate:  67%|######6   | 8/12 [00:05<00:02,  1.39it/s]
Validate:  75%|#######5  | 9/12 [00:06<00:02,  1.37it/s]
Validate:  83%|########3 | 10/12 [00:07<00:01,  1.34it/s]
Validate:  92%|#########1| 11/12 [00:08<00:00,  1.28it/s]
Validate: 100%|##########| 12/12 [00:08<00:00,  1.28it/s]
[continued_supervised] epoch=005 train_loss=0.36533 val_loss=0.49003 val_dice=0.49920 val_dice_electrodes=0.57296 val_centroid_dist=7.68 val_centroid_dist_electrodes=6.58 val_focus_centroid_dist=11.25 val_worst_focus_centroid_dist=14.27 val_selection_score=11.22248 lr=1.00e-06 grad_norm=2.865 best_val_centroid_dist_electrodes=6.54816
    focus LL2 centroid_dist=9.51
    focus ANT centroid_dist=9.98
    focus Base centroid_dist=14.27
                                                         

Train:   0%|          | 0/47 [00:00<?, ?it/s]
Train:   2%|2         | 1/47 [00:01<01:22,  1.79s/it]
Train:   4%|4         | 2/47 [00:02<00:44,  1.01it/s]
Train:   6%|6         | 3/47 [00:03<00:39,  1.11it/s]
Train:   9%|8         | 4/47 [00:03<00:39,  1.10it/s]
Train:  11%|#         | 5/47 [00:04<00:34,  1.23it/s]
Train:  13%|#2        | 6/47 [00:05<00:30,  1.34it/s]
Train:  15%|#4        | 7/47 [00:06<00:32,  1.24it/s]
Train:  17%|#7        | 8/47 [00:07<00:33,  1.17it/s]
Train:  19%|#9        | 9/47 [00:07<00:32,  1.16it/s]
Train:  21%|##1       | 10/47 [00:08<00:30,  1.21it/s]
Train:  23%|##3       | 11/47 [00:09<00:28,  1.25it/s]
Train:  26%|##5       | 12/47 [00:10<00:27,  1.25it/s]
Train:  28%|##7       | 13/47 [00:11<00:27,  1.25it/s]
Train:  30%|##9       | 14/47 [00:11<00:26,  1.24it/s]
Train:  32%|###1      | 15/47 [00:12<00:26,  1.19it/s]
Train:  34%|###4      | 16/47 [00:13<00:24,  1.25it/s]
Train:  36%|###6      | 17/47 [00:14<00:23,  1.28it/s]
Train:  38%|###8      | 18/47 [00:14<00:22,  1.31it/s]
Train:  40%|####      | 19/47 [00:15<00:21,  1.30it/s]
Train:  43%|####2     | 20/47 [00:16<00:20,  1.29it/s]
Train:  45%|####4     | 21/47 [00:17<00:20,  1.29it/s]
Train:  47%|####6     | 22/47 [00:18<00:19,  1.29it/s]
Train:  49%|####8     | 23/47 [00:18<00:18,  1.29it/s]
Train:  51%|#####1    | 24/47 [00:19<00:17,  1.28it/s]
Train:  53%|#####3    | 25/47 [00:20<00:17,  1.28it/s]
Train:  55%|#####5    | 26/47 [00:21<00:17,  1.23it/s]
Train:  57%|#####7    | 27/47 [00:22<00:16,  1.19it/s]
Train:  60%|#####9    | 28/47 [00:23<00:16,  1.16it/s]
Train:  62%|######1   | 29/47 [00:24<00:15,  1.14it/s]
Train:  64%|######3   | 30/47 [00:24<00:14,  1.20it/s]
Train:  66%|######5   | 31/47 [00:25<00:12,  1.23it/s]
Train:  68%|######8   | 32/47 [00:26<00:12,  1.23it/s]
Train:  70%|#######   | 33/47 [00:27<00:11,  1.23it/s]
Train:  72%|#######2  | 34/47 [00:28<00:10,  1.20it/s]
Train:  74%|#######4  | 35/47 [00:28<00:10,  1.15it/s]
Train:  77%|#######6  | 36/47 [00:29<00:09,  1.12it/s]
Train:  79%|#######8  | 37/47 [00:30<00:09,  1.11it/s]
Train:  81%|########  | 38/47 [00:31<00:07,  1.24it/s]
Train:  83%|########2 | 39/47 [00:32<00:05,  1.34it/s]
Train:  85%|########5 | 40/47 [00:33<00:05,  1.24it/s]
Train:  87%|########7 | 41/47 [00:33<00:05,  1.17it/s]
Train:  89%|########9 | 42/47 [00:34<00:04,  1.14it/s]
Train:  91%|#########1| 43/47 [00:35<00:03,  1.14it/s]
Train:  94%|#########3| 44/47 [00:36<00:02,  1.20it/s]
Train:  96%|#########5| 45/47 [00:37<00:01,  1.25it/s]
Train:  98%|#########7| 46/47 [00:38<00:00,  1.22it/s]
Train: 100%|##########| 47/47 [00:39<00:00,  1.18it/s]
                                                      

Validate:   0%|          | 0/12 [00:00<?, ?it/s]
Validate:   8%|8         | 1/12 [00:01<00:12,  1.09s/it]
Validate:  17%|#6        | 2/12 [00:01<00:09,  1.05it/s]
Validate:  25%|##5       | 3/12 [00:02<00:05,  1.58it/s]
Validate:  33%|###3      | 4/12 [00:02<00:05,  1.47it/s]
Validate:  42%|####1     | 5/12 [00:03<00:04,  1.67it/s]
Validate:  50%|#####     | 6/12 [00:04<00:03,  1.51it/s]
Validate:  58%|#####8    | 7/12 [00:05<00:03,  1.41it/s]
Validate:  67%|######6   | 8/12 [00:05<00:02,  1.38it/s]
Validate:  75%|#######5  | 9/12 [00:06<00:02,  1.36it/s]
Validate:  83%|########3 | 10/12 [00:07<00:01,  1.34it/s]
Validate:  92%|#########1| 11/12 [00:08<00:00,  1.29it/s]
Validate: 100%|##########| 12/12 [00:08<00:00,  1.29it/s]
[continued_supervised] epoch=006 train_loss=0.37435 val_loss=0.48921 val_dice=0.49911 val_dice_electrodes=0.57344 val_centroid_dist=8.70 val_centroid_dist_electrodes=6.60 val_focus_centroid_dist=14.26 val_worst_focus_centroid_dist=23.12 val_selection_score=14.46128 lr=1.00e-06 grad_norm=inf best_val_centroid_dist_electrodes=6.54816
    focus LL2 centroid_dist=9.51
    focus ANT centroid_dist=10.14
    focus Base centroid_dist=23.12
                                                         

Train:   0%|          | 0/47 [00:00<?, ?it/s]
Train:   2%|2         | 1/47 [00:01<01:29,  1.94s/it]
Train:   4%|4         | 2/47 [00:02<00:47,  1.05s/it]
Train:   6%|6         | 3/47 [00:02<00:33,  1.30it/s]
Train:   9%|8         | 4/47 [00:03<00:34,  1.25it/s]
Train:  11%|#         | 5/47 [00:04<00:34,  1.21it/s]
Train:  13%|#2        | 6/47 [00:05<00:30,  1.32it/s]
Train:  15%|#4        | 7/47 [00:05<00:30,  1.29it/s]
Train:  17%|#7        | 8/47 [00:06<00:31,  1.23it/s]
Train:  19%|#9        | 9/47 [00:07<00:32,  1.19it/s]
Train:  21%|##1       | 10/47 [00:08<00:31,  1.17it/s]
Train:  23%|##3       | 11/47 [00:09<00:29,  1.24it/s]
Train:  26%|##5       | 12/47 [00:09<00:26,  1.34it/s]
Train:  28%|##7       | 13/47 [00:10<00:27,  1.24it/s]
Train:  30%|##9       | 14/47 [00:11<00:27,  1.18it/s]
Train:  32%|###1      | 15/47 [00:12<00:27,  1.15it/s]
Train:  34%|###4      | 16/47 [00:13<00:27,  1.12it/s]
Train:  36%|###6      | 17/47 [00:14<00:25,  1.17it/s]
Train:  38%|###8      | 18/47 [00:15<00:23,  1.25it/s]
Train:  40%|####      | 19/47 [00:16<00:23,  1.19it/s]
Train:  43%|####2     | 20/47 [00:17<00:23,  1.15it/s]
Train:  45%|####4     | 21/47 [00:17<00:23,  1.11it/s]
Train:  47%|####6     | 22/47 [00:18<00:22,  1.11it/s]
Train:  49%|####8     | 23/47 [00:19<00:20,  1.19it/s]
Train:  51%|#####1    | 24/47 [00:20<00:18,  1.22it/s]
Train:  53%|#####3    | 25/47 [00:21<00:19,  1.12it/s]
Train:  55%|#####5    | 26/47 [00:22<00:17,  1.18it/s]
Train:  57%|#####7    | 27/47 [00:23<00:17,  1.15it/s]
Train:  60%|#####9    | 28/47 [00:24<00:17,  1.09it/s]
Train:  62%|######1   | 29/47 [00:25<00:17,  1.06it/s]
Train:  64%|######3   | 30/47 [00:25<00:14,  1.16it/s]
Train:  66%|######5   | 31/47 [00:26<00:12,  1.24it/s]
Train:  68%|######8   | 32/47 [00:27<00:12,  1.21it/s]
Train:  70%|#######   | 33/47 [00:28<00:11,  1.22it/s]
Train:  72%|#######2  | 34/47 [00:28<00:09,  1.37it/s]
Train:  74%|#######4  | 35/47 [00:29<00:09,  1.28it/s]
Train:  77%|#######6  | 36/47 [00:30<00:08,  1.26it/s]
Train:  79%|#######8  | 37/47 [00:30<00:07,  1.36it/s]
Train:  81%|########  | 38/47 [00:31<00:06,  1.34it/s]
Train:  83%|########2 | 39/47 [00:32<00:06,  1.24it/s]
Train:  85%|########5 | 40/47 [00:33<00:05,  1.18it/s]
Train:  87%|########7 | 41/47 [00:34<00:04,  1.22it/s]
Train:  89%|########9 | 42/47 [00:34<00:03,  1.34it/s]
Train:  91%|#########1| 43/47 [00:35<00:02,  1.40it/s]
Train:  94%|#########3| 44/47 [00:36<00:02,  1.27it/s]
Train:  96%|#########5| 45/47 [00:37<00:01,  1.23it/s]
Train:  98%|#########7| 46/47 [00:38<00:00,  1.27it/s]
Train: 100%|##########| 47/47 [00:38<00:00,  1.30it/s]
                                                      

Validate:   0%|          | 0/12 [00:00<?, ?it/s]
Validate:   8%|8         | 1/12 [00:01<00:13,  1.24s/it]
Validate:  17%|#6        | 2/12 [00:01<00:09,  1.07it/s]
Validate:  25%|##5       | 3/12 [00:02<00:05,  1.57it/s]
Validate:  33%|###3      | 4/12 [00:03<00:05,  1.39it/s]
Validate:  42%|####1     | 5/12 [00:03<00:04,  1.61it/s]
Validate:  50%|#####     | 6/12 [00:04<00:03,  1.51it/s]
Validate:  58%|#####8    | 7/12 [00:05<00:03,  1.41it/s]
Validate:  67%|######6   | 8/12 [00:05<00:02,  1.46it/s]
Validate:  75%|#######5  | 9/12 [00:06<00:01,  1.61it/s]
Validate:  83%|########3 | 10/12 [00:06<00:01,  1.69it/s]
Validate:  92%|#########1| 11/12 [00:07<00:00,  1.49it/s]
Validate: 100%|##########| 12/12 [00:08<00:00,  1.46it/s]
[continued_supervised] epoch=007 train_loss=0.36462 val_loss=0.48915 val_dice=0.49894 val_dice_electrodes=0.57369 val_centroid_dist=9.55 val_centroid_dist_electrodes=6.59 val_focus_centroid_dist=16.82 val_worst_focus_centroid_dist=23.12 val_selection_score=15.69521 lr=5.00e-07 grad_norm=2.937 best_val_centroid_dist_electrodes=6.54816
    focus LL2 centroid_dist=9.51
    focus ANT centroid_dist=17.82
    focus Base centroid_dist=23.12
                                                         

Train:   0%|          | 0/47 [00:00<?, ?it/s]
Train:   2%|2         | 1/47 [00:03<02:45,  3.59s/it]
Train:   4%|4         | 2/47 [00:04<01:20,  1.78s/it]
Train:   6%|6         | 3/47 [00:04<00:52,  1.18s/it]
Train:   9%|8         | 4/47 [00:05<00:38,  1.11it/s]
Train:  11%|#         | 5/47 [00:05<00:31,  1.34it/s]
Train:  13%|#2        | 6/47 [00:06<00:27,  1.50it/s]
Train:  15%|#4        | 7/47 [00:06<00:24,  1.64it/s]
Train:  17%|#7        | 8/47 [00:06<00:21,  1.77it/s]
Train:  19%|#9        | 9/47 [00:07<00:20,  1.87it/s]
Train:  21%|##1       | 10/47 [00:07<00:18,  1.95it/s]
Train:  23%|##3       | 11/47 [00:08<00:21,  1.67it/s]
Train:  26%|##5       | 12/47 [00:09<00:21,  1.66it/s]
Train:  28%|##7       | 13/47 [00:09<00:19,  1.77it/s]
Train:  30%|##9       | 14/47 [00:10<00:20,  1.63it/s]
Train:  32%|###1      | 15/47 [00:11<00:20,  1.58it/s]
Train:  34%|###4      | 16/47 [00:11<00:18,  1.66it/s]
Train:  36%|###6      | 17/47 [00:12<00:17,  1.76it/s]
Train:  38%|###8      | 18/47 [00:12<00:17,  1.64it/s]
Train:  40%|####      | 19/47 [00:13<00:18,  1.51it/s]
Train:  43%|####2     | 20/47 [00:14<00:16,  1.63it/s]
Train:  45%|####4     | 21/47 [00:14<00:14,  1.76it/s]
Train:  47%|####6     | 22/47 [00:15<00:15,  1.61it/s]
Train:  49%|####8     | 23/47 [00:16<00:15,  1.50it/s]
Train:  51%|#####1    | 24/47 [00:16<00:14,  1.64it/s]
Train:  53%|#####3    | 25/47 [00:17<00:12,  1.71it/s]
Train:  55%|#####5    | 26/47 [00:17<00:13,  1.61it/s]
Train:  57%|#####7    | 27/47 [00:18<00:12,  1.54it/s]
Train:  60%|#####9    | 28/47 [00:19<00:11,  1.65it/s]
Train:  62%|######1   | 29/47 [00:19<00:10,  1.69it/s]
Train:  64%|######3   | 30/47 [00:20<00:10,  1.59it/s]
Train:  66%|######5   | 31/47 [00:21<00:10,  1.54it/s]
Train:  68%|######8   | 32/47 [00:21<00:09,  1.52it/s]
Train:  70%|#######   | 33/47 [00:22<00:09,  1.46it/s]
Train:  72%|#######2  | 34/47 [00:23<00:09,  1.42it/s]
Train:  74%|#######4  | 35/47 [00:24<00:08,  1.40it/s]
Train:  77%|#######6  | 36/47 [00:24<00:07,  1.40it/s]
Train:  79%|#######8  | 37/47 [00:25<00:07,  1.40it/s]
Train:  81%|########  | 38/47 [00:26<00:06,  1.35it/s]
Train:  83%|########2 | 39/47 [00:26<00:05,  1.37it/s]
Train:  85%|########5 | 40/47 [00:27<00:05,  1.30it/s]
Train:  87%|########7 | 41/47 [00:28<00:04,  1.25it/s]
Train:  89%|########9 | 42/47 [00:29<00:03,  1.31it/s]
Train:  91%|#########1| 43/47 [00:30<00:02,  1.37it/s]
Train:  94%|#########3| 44/47 [00:30<00:02,  1.41it/s]
Train:  96%|#########5| 45/47 [00:31<00:01,  1.43it/s]
Train:  98%|#########7| 46/47 [00:32<00:00,  1.44it/s]
Train: 100%|##########| 47/47 [00:32<00:00,  1.47it/s]
                                                      

Validate:   0%|          | 0/12 [00:00<?, ?it/s]
Validate:   8%|8         | 1/12 [00:01<00:21,  1.95s/it]
Validate:  17%|#6        | 2/12 [00:02<00:12,  1.21s/it]
Validate:  25%|##5       | 3/12 [00:02<00:06,  1.34it/s]
Validate:  33%|###3      | 4/12 [00:03<00:05,  1.57it/s]
Validate:  42%|####1     | 5/12 [00:03<00:03,  1.91it/s]
Validate:  50%|#####     | 6/12 [00:04<00:02,  2.04it/s]
Validate:  58%|#####8    | 7/12 [00:04<00:02,  1.75it/s]
Validate:  67%|######6   | 8/12 [00:05<00:02,  1.88it/s]
Validate:  75%|#######5  | 9/12 [00:05<00:01,  1.96it/s]
Validate:  83%|########3 | 10/12 [00:06<00:01,  2.00it/s]
Validate:  92%|#########1| 11/12 [00:06<00:00,  1.71it/s]
Validate: 100%|##########| 12/12 [00:07<00:00,  1.60it/s]
[continued_supervised] epoch=008 train_loss=0.36430 val_loss=0.48911 val_dice=0.49885 val_dice_electrodes=0.57377 val_centroid_dist=9.55 val_centroid_dist_electrodes=6.60 val_focus_centroid_dist=16.82 val_worst_focus_centroid_dist=23.12 val_selection_score=15.69840 lr=5.00e-07 grad_norm=2.988 best_val_centroid_dist_electrodes=6.54816
    focus LL2 centroid_dist=9.51
    focus ANT centroid_dist=17.82
    focus Base centroid_dist=23.12
                                                         

Train:   0%|          | 0/47 [00:00<?, ?it/s]
Train:   2%|2         | 1/47 [00:03<02:28,  3.22s/it]
Train:   4%|4         | 2/47 [00:03<01:11,  1.60s/it]
Train:   6%|6         | 3/47 [00:04<00:48,  1.10s/it]
Train:   9%|8         | 4/47 [00:04<00:36,  1.17it/s]
Train:  11%|#         | 5/47 [00:05<00:30,  1.37it/s]
Train:  13%|#2        | 6/47 [00:05<00:26,  1.56it/s]
Train:  15%|#4        | 7/47 [00:06<00:23,  1.69it/s]
Train:  17%|#7        | 8/47 [00:06<00:22,  1.77it/s]
Train:  19%|#9        | 9/47 [00:07<00:21,  1.79it/s]
Train:  21%|##1       | 10/47 [00:07<00:22,  1.67it/s]
Train:  23%|##3       | 11/47 [00:08<00:24,  1.49it/s]
Train:  26%|##5       | 12/47 [00:09<00:23,  1.48it/s]
Train:  28%|##7       | 13/47 [00:09<00:22,  1.54it/s]
Train:  30%|##9       | 14/47 [00:10<00:23,  1.42it/s]
Train:  32%|###1      | 15/47 [00:11<00:23,  1.36it/s]
Train:  34%|###4      | 16/47 [00:12<00:23,  1.33it/s]
Train:  36%|###6      | 17/47 [00:13<00:22,  1.31it/s]
Train:  38%|###8      | 18/47 [00:13<00:22,  1.30it/s]
Train:  40%|####      | 19/47 [00:14<00:21,  1.28it/s]
Train:  43%|####2     | 20/47 [00:15<00:21,  1.26it/s]
Train:  45%|####4     | 21/47 [00:16<00:20,  1.26it/s]
Train:  47%|####6     | 22/47 [00:17<00:19,  1.25it/s]
Train:  49%|####8     | 23/47 [00:18<00:19,  1.22it/s]
Train:  51%|#####1    | 24/47 [00:19<00:19,  1.17it/s]
Train:  53%|#####3    | 25/47 [00:19<00:19,  1.14it/s]
Train:  55%|#####5    | 26/47 [00:20<00:18,  1.14it/s]
Train:  57%|#####7    | 27/47 [00:21<00:17,  1.16it/s]
Train:  60%|#####9    | 28/47 [00:22<00:16,  1.17it/s]
Train:  62%|######1   | 29/47 [00:23<00:15,  1.17it/s]
Train:  64%|######3   | 30/47 [00:24<00:14,  1.18it/s]
Train:  66%|######5   | 31/47 [00:25<00:13,  1.16it/s]
Train:  68%|######8   | 32/47 [00:25<00:13,  1.14it/s]
Train:  70%|#######   | 33/47 [00:26<00:12,  1.13it/s]
Train:  72%|#######2  | 34/47 [00:27<00:11,  1.11it/s]
Train:  74%|#######4  | 35/47 [00:28<00:10,  1.09it/s]
Train:  77%|#######6  | 36/47 [00:29<00:10,  1.08it/s]
Train:  79%|#######8  | 37/47 [00:30<00:09,  1.08it/s]
Train:  81%|########  | 38/47 [00:31<00:08,  1.07it/s]
Train:  83%|########2 | 39/47 [00:32<00:07,  1.07it/s]
Train:  85%|########5 | 40/47 [00:33<00:06,  1.07it/s]
Train:  87%|########7 | 41/47 [00:34<00:05,  1.07it/s]
Train:  89%|########9 | 42/47 [00:35<00:04,  1.07it/s]
Train:  91%|#########1| 43/47 [00:36<00:03,  1.08it/s]
Train:  94%|#########3| 44/47 [00:37<00:02,  1.08it/s]
Train:  96%|#########5| 45/47 [00:37<00:01,  1.14it/s]
Train:  98%|#########7| 46/47 [00:38<00:00,  1.22it/s]
Train: 100%|##########| 47/47 [00:39<00:00,  1.17it/s]
                                                      

Validate:   0%|          | 0/12 [00:00<?, ?it/s]
Validate:   8%|8         | 1/12 [00:00<00:10,  1.01it/s]
Validate:  17%|#6        | 2/12 [00:02<00:10,  1.01s/it]
Validate:  25%|##5       | 3/12 [00:02<00:06,  1.46it/s]
Validate:  33%|###3      | 4/12 [00:03<00:05,  1.36it/s]
Validate:  42%|####1     | 5/12 [00:03<00:04,  1.59it/s]
Validate:  50%|#####     | 6/12 [00:04<00:04,  1.50it/s]
Validate:  58%|#####8    | 7/12 [00:05<00:03,  1.41it/s]
Validate:  67%|######6   | 8/12 [00:05<00:02,  1.40it/s]
Validate:  75%|#######5  | 9/12 [00:06<00:02,  1.39it/s]
Validate:  83%|########3 | 10/12 [00:07<00:01,  1.37it/s]
Validate:  92%|#########1| 11/12 [00:08<00:00,  1.31it/s]
Validate: 100%|##########| 12/12 [00:08<00:00,  1.31it/s]
                                                         

[continued_supervised] epoch=009 train_loss=0.36742 val_loss=0.48918 val_dice=0.49851 val_dice_electrodes=0.57378 val_centroid_dist=9.53 val_centroid_dist_electrodes=6.57 val_focus_centroid_dist=16.82 val_worst_focus_centroid_dist=23.12 val_selection_score=15.68097 lr=5.00e-07 grad_norm=2.936 best_val_centroid_dist_electrodes=6.54816
    focus LL2 centroid_dist=9.51
    focus ANT centroid_dist=17.82
    focus Base centroid_dist=23.12
Train:   0%|          | 0/47 [00:00<?, ?it/s]
Train:   2%|2         | 1/47 [00:01<01:23,  1.81s/it]
Train:   4%|4         | 2/47 [00:02<00:53,  1.20s/it]
Train:   6%|6         | 3/47 [00:03<00:47,  1.08s/it]
Train:   9%|8         | 4/47 [00:04<00:44,  1.03s/it]
Train:  11%|#         | 5/47 [00:05<00:41,  1.01it/s]
Train:  13%|#2        | 6/47 [00:06<00:39,  1.03it/s]
Train:  15%|#4        | 7/47 [00:07<00:37,  1.06it/s]
Train:  17%|#7        | 8/47 [00:08<00:36,  1.08it/s]
Train:  19%|#9        | 9/47 [00:08<00:34,  1.09it/s]
Train:  21%|##1       | 10/47 [00:09<00:33,  1.10it/s]
Train:  23%|##3       | 11/47 [00:10<00:32,  1.11it/s]
Train:  26%|##5       | 12/47 [00:11<00:31,  1.12it/s]
Train:  28%|##7       | 13/47 [00:12<00:30,  1.13it/s]
Train:  30%|##9       | 14/47 [00:13<00:29,  1.13it/s]
Train:  32%|###1      | 15/47 [00:14<00:28,  1.13it/s]
Train:  34%|###4      | 16/47 [00:15<00:27,  1.13it/s]
Train:  36%|###6      | 17/47 [00:16<00:26,  1.13it/s]
Train:  38%|###8      | 18/47 [00:16<00:25,  1.13it/s]
Train:  40%|####      | 19/47 [00:17<00:24,  1.13it/s]
Train:  43%|####2     | 20/47 [00:18<00:23,  1.13it/s]
Train:  45%|####4     | 21/47 [00:19<00:22,  1.14it/s]
Train:  47%|####6     | 22/47 [00:20<00:21,  1.14it/s]
Train:  49%|####8     | 23/47 [00:21<00:21,  1.14it/s]
Train:  51%|#####1    | 24/47 [00:22<00:20,  1.13it/s]
Train:  53%|#####3    | 25/47 [00:23<00:19,  1.13it/s]
Train:  55%|#####5    | 26/47 [00:23<00:18,  1.13it/s]
Train:  57%|#####7    | 27/47 [00:24<00:17,  1.13it/s]
Train:  60%|#####9    | 28/47 [00:25<00:16,  1.13it/s]
Train:  62%|######1   | 29/47 [00:26<00:15,  1.13it/s]
Train:  64%|######3   | 30/47 [00:27<00:15,  1.13it/s]
Train:  66%|######5   | 31/47 [00:28<00:13,  1.16it/s]
Train:  68%|######8   | 32/47 [00:29<00:12,  1.16it/s]
Train:  70%|#######   | 33/47 [00:30<00:12,  1.16it/s]
Train:  72%|#######2  | 34/47 [00:30<00:11,  1.15it/s]
Train:  74%|#######4  | 35/47 [00:31<00:10,  1.13it/s]
Train:  77%|#######6  | 36/47 [00:32<00:09,  1.12it/s]
Train:  79%|#######8  | 37/47 [00:33<00:09,  1.11it/s]
Train:  81%|########  | 38/47 [00:34<00:08,  1.10it/s]
Train:  83%|########2 | 39/47 [00:35<00:07,  1.09it/s]
Train:  85%|########5 | 40/47 [00:36<00:06,  1.11it/s]
Train:  87%|########7 | 41/47 [00:37<00:05,  1.12it/s]
Train:  89%|########9 | 42/47 [00:38<00:04,  1.11it/s]
Train:  91%|#########1| 43/47 [00:39<00:03,  1.12it/s]
Train:  94%|#########3| 44/47 [00:39<00:02,  1.12it/s]
Train:  96%|#########5| 45/47 [00:40<00:01,  1.11it/s]
Train:  98%|#########7| 46/47 [00:41<00:00,  1.12it/s]
Train: 100%|##########| 47/47 [00:42<00:00,  1.10it/s]
                                                      

Validate:   0%|          | 0/12 [00:00<?, ?it/s]
Validate:   8%|8         | 1/12 [00:00<00:10,  1.03it/s]
Validate:  17%|#6        | 2/12 [00:01<00:09,  1.00it/s]
Validate:  25%|##5       | 3/12 [00:02<00:06,  1.47it/s]
Validate:  33%|###3      | 4/12 [00:03<00:05,  1.42it/s]
Validate:  42%|####1     | 5/12 [00:03<00:04,  1.64it/s]
Validate:  50%|#####     | 6/12 [00:04<00:03,  1.54it/s]
Validate:  58%|#####8    | 7/12 [00:04<00:03,  1.45it/s]
Validate:  67%|######6   | 8/12 [00:05<00:02,  1.45it/s]
Validate:  75%|#######5  | 9/12 [00:06<00:02,  1.43it/s]
Validate:  83%|########3 | 10/12 [00:07<00:01,  1.41it/s]
Validate:  92%|#########1| 11/12 [00:07<00:00,  1.35it/s]
Validate: 100%|##########| 12/12 [00:08<00:00,  1.36it/s]
[continued_supervised] epoch=010 train_loss=0.36940 val_loss=0.48957 val_dice=0.49826 val_dice_electrodes=0.57350 val_centroid_dist=9.55 val_centroid_dist_electrodes=6.59 val_focus_centroid_dist=16.89 val_worst_focus_centroid_dist=23.12 val_selection_score=15.70717 lr=2.50e-07 grad_norm=2.923 best_val_centroid_dist_electrodes=6.54816
    focus LL2 centroid_dist=9.74
    focus ANT centroid_dist=17.82
    focus Base centroid_dist=23.12
                                                         

Train:   0%|          | 0/47 [00:00<?, ?it/s]
Train:   2%|2         | 1/47 [00:01<01:22,  1.80s/it]
Train:   4%|4         | 2/47 [00:02<00:45,  1.02s/it]
Train:   6%|6         | 3/47 [00:03<00:41,  1.05it/s]
Train:   9%|8         | 4/47 [00:04<00:39,  1.08it/s]
Train:  11%|#         | 5/47 [00:04<00:38,  1.10it/s]
Train:  13%|#2        | 6/47 [00:05<00:37,  1.10it/s]
Train:  15%|#4        | 7/47 [00:06<00:36,  1.11it/s]
Train:  17%|#7        | 8/47 [00:07<00:35,  1.11it/s]
Train:  19%|#9        | 9/47 [00:08<00:34,  1.10it/s]
Train:  21%|##1       | 10/47 [00:09<00:34,  1.09it/s]
Train:  23%|##3       | 11/47 [00:10<00:32,  1.10it/s]
Train:  26%|##5       | 12/47 [00:11<00:31,  1.10it/s]
Train:  28%|##7       | 13/47 [00:12<00:30,  1.11it/s]
Train:  30%|##9       | 14/47 [00:13<00:29,  1.11it/s]
Train:  32%|###1      | 15/47 [00:13<00:28,  1.11it/s]
Train:  34%|###4      | 16/47 [00:14<00:27,  1.11it/s]
Train:  36%|###6      | 17/47 [00:15<00:27,  1.11it/s]
Train:  38%|###8      | 18/47 [00:16<00:26,  1.10it/s]
Train:  40%|####      | 19/47 [00:17<00:25,  1.10it/s]
Train:  43%|####2     | 20/47 [00:18<00:25,  1.06it/s]
Train:  45%|####4     | 21/47 [00:19<00:24,  1.05it/s]
Train:  47%|####6     | 22/47 [00:20<00:23,  1.07it/s]
Train:  49%|####8     | 23/47 [00:21<00:20,  1.19it/s]
Train:  51%|#####1    | 24/47 [00:21<00:19,  1.21it/s]
Train:  53%|#####3    | 25/47 [00:22<00:18,  1.19it/s]
Train:  55%|#####5    | 26/47 [00:23<00:17,  1.18it/s]
Train:  57%|#####7    | 27/47 [00:24<00:17,  1.18it/s]
Train:  60%|#####9    | 28/47 [00:25<00:16,  1.18it/s]
Train:  62%|######1   | 29/47 [00:26<00:15,  1.18it/s]
Train:  64%|######3   | 30/47 [00:27<00:14,  1.18it/s]
Train:  66%|######5   | 31/47 [00:27<00:13,  1.16it/s]
Train:  68%|######8   | 32/47 [00:28<00:12,  1.16it/s]
Train:  70%|#######   | 33/47 [00:29<00:12,  1.15it/s]
Train:  72%|#######2  | 34/47 [00:30<00:11,  1.16it/s]
Train:  74%|#######4  | 35/47 [00:31<00:10,  1.17it/s]
Train:  77%|#######6  | 36/47 [00:32<00:09,  1.17it/s]
Train:  79%|#######8  | 37/47 [00:33<00:08,  1.17it/s]
Train:  81%|########  | 38/47 [00:33<00:07,  1.18it/s]
Train:  83%|########2 | 39/47 [00:34<00:06,  1.18it/s]
Train:  85%|########5 | 40/47 [00:35<00:05,  1.17it/s]
Train:  87%|########7 | 41/47 [00:36<00:05,  1.17it/s]
Train:  89%|########9 | 42/47 [00:37<00:04,  1.14it/s]
Train:  91%|#########1| 43/47 [00:38<00:03,  1.14it/s]
Train:  94%|#########3| 44/47 [00:39<00:02,  1.16it/s]
Train:  96%|#########5| 45/47 [00:39<00:01,  1.16it/s]
Train:  98%|#########7| 46/47 [00:40<00:00,  1.16it/s]
Train: 100%|##########| 47/47 [00:41<00:00,  1.15it/s]
                                                      

Validate:   0%|          | 0/12 [00:00<?, ?it/s]
Validate:   8%|8         | 1/12 [00:01<00:11,  1.09s/it]
Validate:  17%|#6        | 2/12 [00:01<00:08,  1.12it/s]
Validate:  25%|##5       | 3/12 [00:02<00:06,  1.47it/s]
Validate:  33%|###3      | 4/12 [00:03<00:06,  1.32it/s]
Validate:  42%|####1     | 5/12 [00:03<00:04,  1.57it/s]
Validate:  50%|#####     | 6/12 [00:04<00:04,  1.49it/s]
Validate:  58%|#####8    | 7/12 [00:05<00:03,  1.40it/s]
Validate:  67%|######6   | 8/12 [00:05<00:02,  1.39it/s]
Validate:  75%|#######5  | 9/12 [00:06<00:02,  1.38it/s]
Validate:  83%|########3 | 10/12 [00:07<00:01,  1.28it/s]
Validate:  92%|#########1| 11/12 [00:08<00:00,  1.25it/s]
Validate: 100%|##########| 12/12 [00:09<00:00,  1.27it/s]
[continued_supervised] epoch=011 train_loss=0.36367 val_loss=0.48956 val_dice=0.49820 val_dice_electrodes=0.57363 val_centroid_dist=9.54 val_centroid_dist_electrodes=6.58 val_focus_centroid_dist=16.91 val_worst_focus_centroid_dist=23.12 val_selection_score=15.70493 lr=2.50e-07 grad_norm=2.852 best_val_centroid_dist_electrodes=6.54816
    focus LL2 centroid_dist=9.74
    focus ANT centroid_dist=17.86
    focus Base centroid_dist=23.12
                                                         

Train:   0%|          | 0/47 [00:00<?, ?it/s]
Train:   2%|2         | 1/47 [00:01<01:28,  1.93s/it]
Train:   4%|4         | 2/47 [00:02<00:46,  1.04s/it]
Train:   6%|6         | 3/47 [00:03<00:41,  1.07it/s]
Train:   9%|8         | 4/47 [00:03<00:38,  1.12it/s]
Train:  11%|#         | 5/47 [00:04<00:36,  1.15it/s]
Train:  13%|#2        | 6/47 [00:05<00:35,  1.15it/s]
Train:  15%|#4        | 7/47 [00:06<00:34,  1.16it/s]
Train:  17%|#7        | 8/47 [00:07<00:34,  1.13it/s]
Train:  19%|#9        | 9/47 [00:08<00:31,  1.19it/s]
Train:  21%|##1       | 10/47 [00:08<00:29,  1.24it/s]
Train:  23%|##3       | 11/47 [00:09<00:30,  1.18it/s]
Train:  26%|##5       | 12/47 [00:10<00:30,  1.14it/s]
Train:  28%|##7       | 13/47 [00:11<00:30,  1.13it/s]
Train:  30%|##9       | 14/47 [00:12<00:27,  1.22it/s]
Train:  32%|###1      | 15/47 [00:13<00:25,  1.26it/s]
Train:  34%|###4      | 16/47 [00:13<00:24,  1.27it/s]
Train:  36%|###6      | 17/47 [00:14<00:23,  1.28it/s]
Train:  38%|###8      | 18/47 [00:15<00:22,  1.29it/s]
Train:  40%|####      | 19/47 [00:16<00:21,  1.29it/s]
Train:  43%|####2     | 20/47 [00:16<00:20,  1.30it/s]
Train:  45%|####4     | 21/47 [00:17<00:19,  1.31it/s]
Train:  47%|####6     | 22/47 [00:18<00:19,  1.31it/s]
Train:  49%|####8     | 23/47 [00:19<00:18,  1.31it/s]
Train:  51%|#####1    | 24/47 [00:19<00:17,  1.33it/s]
Train:  53%|#####3    | 25/47 [00:20<00:16,  1.33it/s]
Train:  55%|#####5    | 26/47 [00:21<00:16,  1.27it/s]
Train:  57%|#####7    | 27/47 [00:22<00:16,  1.22it/s]
Train:  60%|#####9    | 28/47 [00:23<00:16,  1.19it/s]
Train:  62%|######1   | 29/47 [00:24<00:15,  1.17it/s]
Train:  64%|######3   | 30/47 [00:25<00:14,  1.16it/s]
Train:  66%|######5   | 31/47 [00:26<00:13,  1.15it/s]
Train:  68%|######8   | 32/47 [00:26<00:12,  1.20it/s]
Train:  70%|#######   | 33/47 [00:27<00:10,  1.29it/s]
Train:  72%|#######2  | 34/47 [00:28<00:10,  1.25it/s]
Train:  74%|#######4  | 35/47 [00:29<00:09,  1.20it/s]
Train:  77%|#######6  | 36/47 [00:30<00:09,  1.17it/s]
Train:  79%|#######8  | 37/47 [00:30<00:08,  1.15it/s]
Train:  81%|########  | 38/47 [00:31<00:07,  1.21it/s]
Train:  83%|########2 | 39/47 [00:32<00:06,  1.28it/s]
Train:  85%|########5 | 40/47 [00:33<00:05,  1.22it/s]
Train:  87%|########7 | 41/47 [00:34<00:05,  1.18it/s]
Train:  89%|########9 | 42/47 [00:35<00:04,  1.16it/s]
Train:  91%|#########1| 43/47 [00:35<00:03,  1.19it/s]
Train:  94%|#########3| 44/47 [00:36<00:02,  1.25it/s]
Train:  96%|#########5| 45/47 [00:37<00:01,  1.29it/s]
Train:  98%|#########7| 46/47 [00:38<00:00,  1.26it/s]
Train: 100%|##########| 47/47 [00:39<00:00,  1.21it/s]
                                                      

Validate:   0%|          | 0/12 [00:00<?, ?it/s]
Validate:   8%|8         | 1/12 [00:00<00:10,  1.03it/s]
Validate:  17%|#6        | 2/12 [00:01<00:09,  1.01it/s]
Validate:  25%|##5       | 3/12 [00:02<00:05,  1.51it/s]
Validate:  33%|###3      | 4/12 [00:03<00:05,  1.38it/s]
Validate:  42%|####1     | 5/12 [00:03<00:04,  1.60it/s]
Validate:  50%|#####     | 6/12 [00:04<00:03,  1.52it/s]
Validate:  58%|#####8    | 7/12 [00:05<00:03,  1.44it/s]
Validate:  67%|######6   | 8/12 [00:05<00:02,  1.51it/s]
Validate:  75%|#######5  | 9/12 [00:06<00:01,  1.55it/s]
Validate:  83%|########3 | 10/12 [00:06<00:01,  1.53it/s]
Validate:  92%|#########1| 11/12 [00:07<00:00,  1.45it/s]
Validate: 100%|##########| 12/12 [00:08<00:00,  1.46it/s]
[continued_supervised] epoch=012 train_loss=0.35877 val_loss=0.48958 val_dice=0.49800 val_dice_electrodes=0.57344 val_centroid_dist=9.55 val_centroid_dist_electrodes=6.58 val_focus_centroid_dist=16.92 val_worst_focus_centroid_dist=23.16 val_selection_score=15.72158 lr=2.50e-07 grad_norm=2.798 best_val_centroid_dist_electrodes=6.54816
    focus LL2 centroid_dist=9.74
    focus ANT centroid_dist=17.86
    focus Base centroid_dist=23.16
                                                         

Train:   0%|          | 0/47 [00:00<?, ?it/s]
Train:   2%|2         | 1/47 [00:03<02:26,  3.18s/it]
Train:   4%|4         | 2/47 [00:03<01:06,  1.47s/it]
Train:   6%|6         | 3/47 [00:03<00:45,  1.04s/it]
Train:   9%|8         | 4/47 [00:04<00:40,  1.06it/s]
Train:  11%|#         | 5/47 [00:05<00:31,  1.31it/s]
Train:  13%|#2        | 6/47 [00:05<00:27,  1.50it/s]
Train:  15%|#4        | 7/47 [00:06<00:28,  1.38it/s]
Train:  17%|#7        | 8/47 [00:07<00:30,  1.29it/s]
Train:  19%|#9        | 9/47 [00:08<00:27,  1.36it/s]
Train:  21%|##1       | 10/47 [00:08<00:26,  1.41it/s]
Train:  23%|##3       | 11/47 [00:09<00:27,  1.31it/s]
Train:  26%|##5       | 12/47 [00:10<00:27,  1.25it/s]
Train:  28%|##7       | 13/47 [00:11<00:28,  1.21it/s]
Train:  30%|##9       | 14/47 [00:12<00:27,  1.22it/s]
Train:  32%|###1      | 15/47 [00:12<00:24,  1.30it/s]
Train:  34%|###4      | 16/47 [00:13<00:22,  1.35it/s]
Train:  36%|###6      | 17/47 [00:14<00:23,  1.27it/s]
Train:  38%|###8      | 18/47 [00:15<00:23,  1.22it/s]
Train:  40%|####      | 19/47 [00:16<00:23,  1.18it/s]
Train:  43%|####2     | 20/47 [00:16<00:22,  1.23it/s]
Train:  45%|####4     | 21/47 [00:17<00:20,  1.28it/s]
Train:  47%|####6     | 22/47 [00:18<00:18,  1.33it/s]
Train:  49%|####8     | 23/47 [00:19<00:18,  1.30it/s]
Train:  51%|#####1    | 24/47 [00:20<00:18,  1.24it/s]
Train:  53%|#####3    | 25/47 [00:20<00:18,  1.20it/s]
Train:  55%|#####5    | 26/47 [00:21<00:17,  1.17it/s]
Train:  57%|#####7    | 27/47 [00:22<00:17,  1.15it/s]
Train:  60%|#####9    | 28/47 [00:23<00:16,  1.16it/s]
Train:  62%|######1   | 29/47 [00:24<00:14,  1.26it/s]
Train:  64%|######3   | 30/47 [00:24<00:13,  1.29it/s]
Train:  66%|######5   | 31/47 [00:25<00:12,  1.24it/s]
Train:  68%|######8   | 32/47 [00:26<00:12,  1.20it/s]
Train:  70%|#######   | 33/47 [00:27<00:12,  1.16it/s]
Train:  72%|#######2  | 34/47 [00:28<00:10,  1.21it/s]
Train:  74%|#######4  | 35/47 [00:29<00:09,  1.30it/s]
Train:  77%|#######6  | 36/47 [00:29<00:08,  1.25it/s]
Train:  79%|#######8  | 37/47 [00:30<00:08,  1.19it/s]
Train:  81%|########  | 38/47 [00:31<00:07,  1.17it/s]
Train:  83%|########2 | 39/47 [00:32<00:06,  1.16it/s]
Train:  85%|########5 | 40/47 [00:33<00:06,  1.15it/s]
Train:  87%|########7 | 41/47 [00:34<00:05,  1.15it/s]
Train:  89%|########9 | 42/47 [00:35<00:04,  1.14it/s]
Train:  91%|#########1| 43/47 [00:36<00:03,  1.13it/s]
Train:  94%|#########3| 44/47 [00:37<00:02,  1.13it/s]
Train:  96%|#########5| 45/47 [00:37<00:01,  1.12it/s]
Train:  98%|#########7| 46/47 [00:38<00:00,  1.20it/s]
Train: 100%|##########| 47/47 [00:39<00:00,  1.22it/s]
                                                      

Validate:   0%|          | 0/12 [00:00<?, ?it/s]
Validate:   8%|8         | 1/12 [00:01<00:14,  1.28s/it]
Validate:  17%|#6        | 2/12 [00:02<00:10,  1.02s/it]
Validate:  25%|##5       | 3/12 [00:02<00:05,  1.51it/s]
Validate:  33%|###3      | 4/12 [00:03<00:05,  1.48it/s]
Validate:  42%|####1     | 5/12 [00:03<00:04,  1.74it/s]
Validate:  50%|#####     | 6/12 [00:04<00:03,  1.69it/s]
Validate:  58%|#####8    | 7/12 [00:04<00:03,  1.53it/s]
Validate:  67%|######6   | 8/12 [00:05<00:02,  1.49it/s]
Validate:  75%|#######5  | 9/12 [00:06<00:02,  1.46it/s]
Validate:  83%|########3 | 10/12 [00:07<00:01,  1.40it/s]
Validate:  92%|#########1| 11/12 [00:07<00:00,  1.32it/s]
Validate: 100%|##########| 12/12 [00:08<00:00,  1.29it/s]
[continued_supervised] epoch=013 train_loss=0.36994 val_loss=0.48960 val_dice=0.49806 val_dice_electrodes=0.57368 val_centroid_dist=9.55 val_centroid_dist_electrodes=6.58 val_focus_centroid_dist=16.92 val_worst_focus_centroid_dist=23.16 val_selection_score=15.72147 lr=1.25e-07 grad_norm=2.909 best_val_centroid_dist_electrodes=6.54816
    focus LL2 centroid_dist=9.74
    focus ANT centroid_dist=17.86
    focus Base centroid_dist=23.16
                                                         

Train:   0%|          | 0/47 [00:00<?, ?it/s]
Train:   2%|2         | 1/47 [00:02<02:17,  2.98s/it]
Train:   4%|4         | 2/47 [00:03<01:07,  1.50s/it]
Train:   6%|6         | 3/47 [00:03<00:45,  1.04s/it]
Train:   9%|8         | 4/47 [00:04<00:34,  1.25it/s]
Train:  11%|#         | 5/47 [00:04<00:28,  1.46it/s]
Train:  13%|#2        | 6/47 [00:05<00:29,  1.39it/s]
Train:  15%|#4        | 7/47 [00:06<00:30,  1.29it/s]
Train:  17%|#7        | 8/47 [00:07<00:26,  1.45it/s]
Train:  19%|#9        | 9/47 [00:07<00:28,  1.35it/s]
Train:  21%|##1       | 10/47 [00:08<00:28,  1.28it/s]
Train:  23%|##3       | 11/47 [00:09<00:26,  1.37it/s]
Train:  26%|##5       | 12/47 [00:10<00:26,  1.34it/s]
Train:  28%|##7       | 13/47 [00:11<00:26,  1.26it/s]
Train:  30%|##9       | 14/47 [00:11<00:25,  1.32it/s]
Train:  32%|###1      | 15/47 [00:12<00:23,  1.36it/s]
Train:  34%|###4      | 16/47 [00:13<00:23,  1.32it/s]
Train:  36%|###6      | 17/47 [00:14<00:23,  1.28it/s]
Train:  38%|###8      | 18/47 [00:14<00:21,  1.32it/s]
Train:  40%|####      | 19/47 [00:15<00:20,  1.35it/s]
Train:  43%|####2     | 20/47 [00:16<00:19,  1.37it/s]
Train:  45%|####4     | 21/47 [00:16<00:18,  1.38it/s]
Train:  47%|####6     | 22/47 [00:17<00:18,  1.32it/s]
Train:  49%|####8     | 23/47 [00:18<00:19,  1.25it/s]
Train:  51%|#####1    | 24/47 [00:19<00:19,  1.21it/s]
Train:  53%|#####3    | 25/47 [00:20<00:18,  1.20it/s]
Train:  55%|#####5    | 26/47 [00:21<00:16,  1.27it/s]
Train:  57%|#####7    | 27/47 [00:21<00:15,  1.32it/s]
Train:  60%|#####9    | 28/47 [00:22<00:14,  1.35it/s]
Train:  62%|######1   | 29/47 [00:23<00:13,  1.31it/s]
Train:  64%|######3   | 30/47 [00:24<00:13,  1.27it/s]
Train:  66%|######5   | 31/47 [00:24<00:12,  1.24it/s]
Train:  68%|######8   | 32/47 [00:25<00:11,  1.30it/s]
Train:  70%|#######   | 33/47 [00:26<00:10,  1.35it/s]
Train:  72%|#######2  | 34/47 [00:27<00:09,  1.31it/s]
Train:  74%|#######4  | 35/47 [00:28<00:09,  1.24it/s]
Train:  77%|#######6  | 36/47 [00:28<00:09,  1.20it/s]
Train:  79%|#######8  | 37/47 [00:29<00:08,  1.17it/s]
Train:  81%|########  | 38/47 [00:30<00:07,  1.21it/s]
Train:  83%|########2 | 39/47 [00:31<00:06,  1.29it/s]
Train:  85%|########5 | 40/47 [00:32<00:05,  1.26it/s]
Train:  87%|########7 | 41/47 [00:32<00:04,  1.22it/s]
Train:  89%|########9 | 42/47 [00:33<00:04,  1.15it/s]
Train:  91%|#########1| 43/47 [00:34<00:03,  1.22it/s]
Train:  94%|#########3| 44/47 [00:35<00:02,  1.28it/s]
Train:  96%|#########5| 45/47 [00:36<00:01,  1.20it/s]
Train:  98%|#########7| 46/47 [00:37<00:00,  1.10it/s]
Train: 100%|##########| 47/47 [00:37<00:00,  1.22it/s]
                                                      

Validate:   0%|          | 0/12 [00:00<?, ?it/s]
Validate:   8%|8         | 1/12 [00:01<00:18,  1.68s/it]
Validate:  17%|#6        | 2/12 [00:02<00:10,  1.10s/it]
Validate:  25%|##5       | 3/12 [00:02<00:06,  1.44it/s]
Validate:  33%|###3      | 4/12 [00:03<00:04,  1.69it/s]
Validate:  42%|####1     | 5/12 [00:03<00:03,  2.10it/s]
Validate:  50%|#####     | 6/12 [00:03<00:03,  1.97it/s]
Validate:  58%|#####8    | 7/12 [00:04<00:02,  1.80it/s]
Validate:  67%|######6   | 8/12 [00:05<00:02,  1.72it/s]
Validate:  75%|#######5  | 9/12 [00:05<00:01,  1.70it/s]
Validate:  83%|########3 | 10/12 [00:06<00:01,  1.65it/s]
Validate:  92%|#########1| 11/12 [00:07<00:00,  1.56it/s]
Validate: 100%|##########| 12/12 [00:07<00:00,  1.66it/s]
[continued_supervised] epoch=014 train_loss=0.35942 val_loss=0.48961 val_dice=0.49800 val_dice_electrodes=0.57367 val_centroid_dist=9.55 val_centroid_dist_electrodes=6.58 val_focus_centroid_dist=16.92 val_worst_focus_centroid_dist=23.16 val_selection_score=15.72158 lr=1.25e-07 grad_norm=2.925 best_val_centroid_dist_electrodes=6.54816
    focus LL2 centroid_dist=9.74
    focus ANT centroid_dist=17.86
    focus Base centroid_dist=23.16
                                                         

Train:   0%|          | 0/47 [00:00<?, ?it/s]
Train:   2%|2         | 1/47 [00:01<01:29,  1.94s/it]
Train:   4%|4         | 2/47 [00:02<00:47,  1.05s/it]
Train:   6%|6         | 3/47 [00:02<00:36,  1.21it/s]
Train:   9%|8         | 4/47 [00:03<00:35,  1.22it/s]
Train:  11%|#         | 5/47 [00:04<00:29,  1.41it/s]
Train:  13%|#2        | 6/47 [00:05<00:31,  1.31it/s]
Train:  15%|#4        | 7/47 [00:05<00:28,  1.42it/s]
Train:  17%|#7        | 8/47 [00:06<00:25,  1.54it/s]
Train:  19%|#9        | 9/47 [00:06<00:23,  1.60it/s]
Train:  21%|##1       | 10/47 [00:07<00:25,  1.43it/s]
Train:  23%|##3       | 11/47 [00:08<00:24,  1.44it/s]
Train:  26%|##5       | 12/47 [00:08<00:22,  1.54it/s]
Train:  28%|##7       | 13/47 [00:09<00:21,  1.57it/s]
Train:  30%|##9       | 14/47 [00:10<00:22,  1.46it/s]
Train:  32%|###1      | 15/47 [00:10<00:20,  1.54it/s]
Train:  34%|###4      | 16/47 [00:11<00:19,  1.59it/s]
Train:  36%|###6      | 17/47 [00:12<00:19,  1.54it/s]
Train:  38%|###8      | 18/47 [00:12<00:19,  1.49it/s]
Train:  40%|####      | 19/47 [00:13<00:17,  1.58it/s]
Train:  43%|####2     | 20/47 [00:13<00:16,  1.62it/s]
Train:  45%|####4     | 21/47 [00:14<00:16,  1.53it/s]
Train:  47%|####6     | 22/47 [00:15<00:16,  1.54it/s]
Train:  49%|####8     | 23/47 [00:15<00:14,  1.65it/s]
Train:  51%|#####1    | 24/47 [00:16<00:14,  1.62it/s]
Train:  53%|#####3    | 25/47 [00:17<00:13,  1.60it/s]
Train:  55%|#####5    | 26/47 [00:17<00:13,  1.57it/s]
Train:  57%|#####7    | 27/47 [00:18<00:12,  1.57it/s]
Train:  60%|#####9    | 28/47 [00:19<00:12,  1.56it/s]
Train:  62%|######1   | 29/47 [00:19<00:11,  1.57it/s]
Train:  64%|######3   | 30/47 [00:20<00:11,  1.54it/s]
Train:  66%|######5   | 31/47 [00:21<00:10,  1.56it/s]
Train:  68%|######8   | 32/47 [00:21<00:09,  1.54it/s]
Train:  70%|#######   | 33/47 [00:22<00:09,  1.54it/s]
Train:  72%|#######2  | 34/47 [00:22<00:08,  1.56it/s]
Train:  74%|#######4  | 35/47 [00:23<00:07,  1.56it/s]
Train:  77%|#######6  | 36/47 [00:24<00:07,  1.55it/s]
Train:  79%|#######8  | 37/47 [00:24<00:06,  1.55it/s]
Train:  81%|########  | 38/47 [00:25<00:05,  1.56it/s]
Train:  83%|########2 | 39/47 [00:26<00:05,  1.56it/s]
Train:  85%|########5 | 40/47 [00:26<00:04,  1.57it/s]
Train:  87%|########7 | 41/47 [00:27<00:03,  1.57it/s]
Train:  89%|########9 | 42/47 [00:28<00:03,  1.57it/s]
Train:  91%|#########1| 43/47 [00:28<00:02,  1.58it/s]
Train:  94%|#########3| 44/47 [00:29<00:01,  1.58it/s]
Train:  96%|#########5| 45/47 [00:30<00:01,  1.57it/s]
Train:  98%|#########7| 46/47 [00:30<00:00,  1.57it/s]
Train: 100%|##########| 47/47 [00:31<00:00,  1.58it/s]
                                                      

Validate:   0%|          | 0/12 [00:00<?, ?it/s]
Validate:   8%|8         | 1/12 [00:01<00:20,  1.86s/it]
Validate:  17%|#6        | 2/12 [00:02<00:12,  1.20s/it]
Validate:  25%|##5       | 3/12 [00:02<00:06,  1.34it/s]
Validate:  33%|###3      | 4/12 [00:03<00:05,  1.58it/s]
Validate:  42%|####1     | 5/12 [00:03<00:03,  1.99it/s]
Validate:  50%|#####     | 6/12 [00:03<00:02,  2.13it/s]
Validate:  58%|#####8    | 7/12 [00:04<00:02,  2.18it/s]
Validate:  67%|######6   | 8/12 [00:04<00:01,  2.24it/s]
Validate:  75%|#######5  | 9/12 [00:05<00:01,  2.04it/s]
Validate:  83%|########3 | 10/12 [00:05<00:00,  2.11it/s]
Validate:  92%|#########1| 11/12 [00:06<00:00,  2.02it/s]
Validate: 100%|##########| 12/12 [00:07<00:00,  1.79it/s]
[continued_supervised] epoch=015 train_loss=0.36983 val_loss=0.48961 val_dice=0.49794 val_dice_electrodes=0.57367 val_centroid_dist=9.55 val_centroid_dist_electrodes=6.58 val_focus_centroid_dist=16.92 val_worst_focus_centroid_dist=23.16 val_selection_score=15.72170 lr=1.25e-07 grad_norm=3.106 best_val_centroid_dist_electrodes=6.54816
    focus LL2 centroid_dist=9.74
    focus ANT centroid_dist=17.86
    focus Base centroid_dist=23.16
                                                         

Train:   0%|          | 0/47 [00:00<?, ?it/s]
Train:   2%|2         | 1/47 [00:02<01:57,  2.55s/it]
Train:   4%|4         | 2/47 [00:02<00:54,  1.21s/it]
Train:   6%|6         | 3/47 [00:03<00:37,  1.16it/s]
Train:   9%|8         | 4/47 [00:04<00:38,  1.12it/s]
Train:  11%|#         | 5/47 [00:04<00:32,  1.30it/s]
Train:  13%|#2        | 6/47 [00:05<00:28,  1.43it/s]
Train:  15%|#4        | 7/47 [00:05<00:27,  1.46it/s]
Train:  17%|#7        | 8/47 [00:06<00:30,  1.27it/s]
Train:  19%|#9        | 9/47 [00:07<00:31,  1.20it/s]
Train:  21%|##1       | 10/47 [00:08<00:28,  1.32it/s]
Train:  23%|##3       | 11/47 [00:09<00:29,  1.24it/s]
Train:  26%|##5       | 12/47 [00:10<00:28,  1.23it/s]
Train:  28%|##7       | 13/47 [00:11<00:28,  1.21it/s]
Train:  30%|##9       | 14/47 [00:11<00:27,  1.19it/s]
Train:  32%|###1      | 15/47 [00:12<00:26,  1.20it/s]
Train:  34%|###4      | 16/47 [00:13<00:23,  1.30it/s]
Train:  36%|###6      | 17/47 [00:14<00:23,  1.27it/s]
Train:  38%|###8      | 18/47 [00:15<00:23,  1.25it/s]
Train:  40%|####      | 19/47 [00:15<00:21,  1.29it/s]
Train:  43%|####2     | 20/47 [00:16<00:20,  1.34it/s]
Train:  45%|####4     | 21/47 [00:17<00:18,  1.39it/s]
Train:  47%|####6     | 22/47 [00:17<00:17,  1.40it/s]
Train:  49%|####8     | 23/47 [00:18<00:16,  1.42it/s]
Train:  51%|#####1    | 24/47 [00:19<00:16,  1.43it/s]
Train:  53%|#####3    | 25/47 [00:19<00:15,  1.43it/s]
Train:  55%|#####5    | 26/47 [00:20<00:14,  1.44it/s]
Train:  57%|#####7    | 27/47 [00:21<00:13,  1.44it/s]
Train:  60%|#####9    | 28/47 [00:22<00:13,  1.37it/s]
Train:  62%|######1   | 29/47 [00:22<00:12,  1.41it/s]
Train:  64%|######3   | 30/47 [00:23<00:12,  1.41it/s]
Train:  66%|######5   | 31/47 [00:24<00:11,  1.44it/s]
Train:  68%|######8   | 32/47 [00:24<00:10,  1.44it/s]
Train:  70%|#######   | 33/47 [00:25<00:09,  1.40it/s]
Train:  72%|#######2  | 34/47 [00:26<00:09,  1.42it/s]
Train:  74%|#######4  | 35/47 [00:26<00:08,  1.42it/s]
Train:  77%|#######6  | 36/47 [00:27<00:07,  1.41it/s]
Train:  79%|#######8  | 37/47 [00:28<00:07,  1.41it/s]
Train:  81%|########  | 38/47 [00:29<00:06,  1.41it/s]
Train:  83%|########2 | 39/47 [00:29<00:05,  1.40it/s]
Train:  85%|########5 | 40/47 [00:30<00:05,  1.36it/s]
Train:  87%|########7 | 41/47 [00:31<00:04,  1.30it/s]
Train:  89%|########9 | 42/47 [00:32<00:03,  1.41it/s]
Train:  91%|#########1| 43/47 [00:32<00:02,  1.40it/s]
Train:  94%|#########3| 44/47 [00:33<00:02,  1.30it/s]
Train:  96%|#########5| 45/47 [00:34<00:01,  1.42it/s]
Train:  98%|#########7| 46/47 [00:34<00:00,  1.40it/s]
Train: 100%|##########| 47/47 [00:35<00:00,  1.25it/s]
                                                      

Validate:   0%|          | 0/12 [00:00<?, ?it/s]
Validate:   8%|8         | 1/12 [00:01<00:11,  1.08s/it]
Validate:  17%|#6        | 2/12 [00:02<00:10,  1.01s/it]
Validate:  25%|##5       | 3/12 [00:02<00:06,  1.48it/s]
Validate:  33%|###3      | 4/12 [00:03<00:05,  1.40it/s]
Validate:  42%|####1     | 5/12 [00:03<00:04,  1.60it/s]
Validate:  50%|#####     | 6/12 [00:04<00:04,  1.49it/s]
Validate:  58%|#####8    | 7/12 [00:05<00:03,  1.41it/s]
Validate:  67%|######6   | 8/12 [00:05<00:02,  1.38it/s]
Validate:  75%|#######5  | 9/12 [00:06<00:02,  1.41it/s]
Validate:  83%|########3 | 10/12 [00:07<00:01,  1.36it/s]
Validate:  92%|#########1| 11/12 [00:08<00:00,  1.32it/s]
Validate: 100%|##########| 12/12 [00:08<00:00,  1.33it/s]
[continued_supervised] epoch=016 train_loss=0.37012 val_loss=0.48964 val_dice=0.49788 val_dice_electrodes=0.57364 val_centroid_dist=9.54 val_centroid_dist_electrodes=6.58 val_focus_centroid_dist=16.91 val_worst_focus_centroid_dist=23.12 val_selection_score=15.70256 lr=1.00e-07 grad_norm=2.943 best_val_centroid_dist_electrodes=6.54816
    focus LL2 centroid_dist=9.74
    focus ANT centroid_dist=17.86
    focus Base centroid_dist=23.12
[continued_supervised] early stopping after 016 epochs; best_val_centroid_dist_electrodes=6.54816
Starting final evaluation for continuation run...
                                                         

Final evaluation:   0%|          | 0/12 [00:00<?, ?it/s]
Final evaluation:   8%|8         | 1/12 [00:06<01:16,  6.91s/it]
Final evaluation:  17%|#6        | 2/12 [00:13<01:08,  6.80s/it]
Final evaluation:  25%|##5       | 3/12 [00:17<00:47,  5.27s/it]
Final evaluation:  33%|###3      | 4/12 [00:24<00:50,  6.27s/it]
Final evaluation:  42%|####1     | 5/12 [00:29<00:39,  5.68s/it]
Final evaluation:  50%|#####     | 6/12 [00:35<00:35,  5.90s/it]
Final evaluation:  58%|#####8    | 7/12 [00:44<00:34,  6.89s/it]
Final evaluation:  67%|######6   | 8/12 [00:50<00:25,  6.45s/it]
Final evaluation:  75%|#######5  | 9/12 [00:55<00:18,  6.08s/it]
Final evaluation:  83%|########3 | 10/12 [01:01<00:12,  6.14s/it]
Final evaluation:  92%|#########1| 11/12 [01:11<00:07,  7.27s/it]
Final evaluation: 100%|##########| 12/12 [01:17<00:00,  6.94s/it]
Final evaluation: 100%|##########| 12/12 [01:17<00:00,  6.49s/it]

Saving overlays:   0%|          | 0/12 [00:00<?, ?it/s]
Saving overlays:   8%|8         | 1/12 [00:01<00:20,  1.88s/it]
Saving overlays:  17%|#6        | 2/12 [00:03<00:15,  1.59s/it]
Saving overlays:  25%|##5       | 3/12 [00:04<00:10,  1.22s/it]
Saving overlays:  25%|##5       | 3/12 [00:04<00:12,  1.35s/it]

Saved overlay 1/3: C:\Users\...\Desktop\BENG 280C Project\Optimal-LV-Placement-ML\runs\cardiac_leads_electrode_only_from_v3_v6\overlays\10001_HCT2_img_overlay.png
Saved overlay 2/3: C:\Users\...\Desktop\BENG 280C Project\Optimal-LV-Placement-ML\runs\cardiac_leads_electrode_only_from_v3_v6\overlays\10004_HCT2_img_overlay.png
Saved overlay 3/3: C:\Users\...\Desktop\BENG 280C Project\Optimal-LV-Placement-ML\runs\cardiac_leads_electrode_only_from_v3_v6\overlays\10006_HCT2_img_overlay.png
Finished saving 3 overlay image(s).
Starting presentation figure generation...
Exporting centroids with device: cuda
Run directory: C:\Users\...\Desktop\BENG 280C Project\Optimal-LV-Placement-ML\runs\cardiac_leads_electrode_only_from_v3_v6
Checkpoint: C:\Users\...\Desktop\BENG 280C Project\Optimal-LV-Placement-ML\runs\cardiac_leads_electrode_only_from_v3_v6\weights\best_supervised_model.pth
Centroid export:   0%|          | 0/12 [00:00<?, ?it/s]
Centroid export:   8%|8         | 1/12 [00:00<00:07,  1.50it/s]
Centroid export:  17%|#6        | 2/12 [00:02<00:13,  1.31s/it]
Centroid export:  25%|##5       | 3/12 [00:02<00:07,  1.14it/s]
Centroid export:  33%|###3      | 4/12 [00:03<00:07,  1.08it/s]
Centroid export:  42%|####1     | 5/12 [00:04<00:05,  1.21it/s]
Centroid export:  50%|#####     | 6/12 [00:05<00:05,  1.18it/s]
Centroid export:  58%|#####8    | 7/12 [00:06<00:04,  1.05it/s]
Centroid export:  67%|######6   | 8/12 [00:07<00:03,  1.11it/s]
Centroid export:  75%|#######5  | 9/12 [00:08<00:02,  1.01it/s]
Centroid export:  83%|########3 | 10/12 [00:10<00:02,  1.16s/it]
Centroid export:  92%|#########1| 11/12 [00:12<00:01,  1.44s/it]
Centroid export: 100%|##########| 12/12 [00:13<00:00,  1.57s/it]
Centroid export: 100%|##########| 12/12 [00:13<00:00,  1.16s/it]
Saved centroid coordinates: C:\Users\...\Desktop\BENG 280C Project\Optimal-LV-Placement-ML\runs\cardiac_leads_electrode_only_from_v3_v6\metrics\centroid_coordinates.csv
Saved centroid errors: C:\Users\...\Desktop\BENG 280C Project\Optimal-LV-Placement-ML\runs\cardiac_leads_electrode_only_from_v3_v6\metrics\centroid_errors.csv
Reusing centroid CSVs: C:\Users\...\Desktop\BENG 280C Project\Optimal-LV-Placement-ML\runs\cardiac_leads_electrode_only_from_v3_v6\metrics\centroid_coordinates.csv and C:\Users\...\Desktop\BENG 280C Project\Optimal-LV-Placement-ML\runs\cardiac_leads_electrode_only_from_v3_v6\metrics\centroid_errors.csv
Saved bullseye plots to: C:\Users\...\Desktop\BENG 280C Project\Optimal-LV-Placement-ML\runs\cardiac_leads_electrode_only_from_v3_v6\bullseye_plots
Saved presentation figures to: C:\Users\...\Desktop\BENG 280C Project\Optimal-LV-Placement-ML\runs\cardiac_leads_electrode_only_from_v3_v6\presentation_figures
Saved presentation outputs in: C:\Users\...\Desktop\BENG 280C Project\Optimal-LV-Placement-ML\runs\cardiac_leads_electrode_only_from_v3_v6\presentation_figures
Generated/updated 8 presentation files.
Saved continuation checkpoint: C:\Users\...\Desktop\BENG 280C Project\Optimal-LV-Placement-ML\runs\cardiac_leads_electrode_only_from_v3_v6\weights\best_supervised_model.pth
Saved best electrode-centroid checkpoint: C:\Users\...\Desktop\BENG 280C Project\Optimal-LV-Placement-ML\runs\cardiac_leads_electrode_only_from_v3_v6\weights\best_electrode_centroid_model.pth
Saved final continuation weights: C:\Users\...\Desktop\BENG 280C Project\Optimal-LV-Placement-ML\runs\cardiac_leads_electrode_only_from_v3_v6\weights\final_model_weights.pth
Saved metrics in: C:\Users\...\Desktop\BENG 280C Project\Optimal-LV-Placement-ML\runs\cardiac_leads_electrode_only_from_v3_v6\metrics
Saved plots in: C:\Users\...\Desktop\BENG 280C Project\Optimal-LV-Placement-ML\runs\cardiac_leads_electrode_only_from_v3_v6\plots
